2018-08-26 18:42:22.259  INFO 1435 --- [main] com.example.demo.DemoApplication         : Starting DemoApplication v0.0.1-SNAPSHOT on Sureshs-MacBook-Pro.local with PID 1435 (/Users/suresh/_learning/java/eclipse-source-code/Spring-boot-example/target/SpringBootJersey-0.0.1-SNAPSHOT.jar started by suresh in /Users/suresh/_learning/java/eclipse-source-code/Spring-boot-example)
2018-08-26 18:42:22.265  INFO 1435 --- [main] com.example.demo.DemoApplication         : The following profiles are active: prod
2018-08-26 18:42:22.334  INFO 1435 --- [main] ConfigServletWebServerApplicationContext : Refreshing org.springframework.boot.web.servlet.context.AnnotationConfigServletWebServerApplicationContext@128d2484: startup date [Sun Aug 26 18:42:22 EDT 2018]; root of context hierarchy
2018-08-26 18:42:22.951  INFO 1435 --- [main] o.s.b.f.s.DefaultListableBeanFactory     : Overriding bean definition for bean 'requestContextFilter' with a different definition: replacing [Root bean: class [null]; scope=; abstract=false; lazyInit=false; autowireMode=3; dependencyCheck=0; autowireCandidate=true; primary=false; factoryBeanName=org.springframework.boot.autoconfigure.jersey.JerseyAutoConfiguration; factoryMethodName=requestContextFilter; initMethodName=null; destroyMethodName=(inferred); defined in class path resource [org/springframework/boot/autoconfigure/jersey/JerseyAutoConfiguration.class]] with [Root bean: class [org.springframework.boot.autoconfigure.web.servlet.WebMvcAutoConfiguration$WebMvcAutoConfigurationAdapter]; scope=; abstract=false; lazyInit=false; autowireMode=3; dependencyCheck=0; autowireCandidate=true; primary=false; factoryBeanName=null; factoryMethodName=requestContextFilter; initMethodName=null; destroyMethodName=(inferred); defined in class path resource [org/springframework/boot/autoconfigure/web/servlet/WebMvcAutoConfiguration$WebMvcAutoConfigurationAdapter.class]]
2018-08-26 18:42:23.420  INFO 1435 --- [main] f.a.AutowiredAnnotationBeanPostProcessor : JSR-330 'javax.inject.Inject' annotation found and supported for autowiring
2018-08-26 18:42:24.227  INFO 1435 --- [main] o.s.b.w.embedded.tomcat.TomcatWebServer  : Tomcat initialized with port(s): 8090 (http)
2018-08-26 18:42:24.266  INFO 1435 --- [main] o.apache.catalina.core.StandardService   : Starting service [Tomcat]
2018-08-26 18:42:24.267  INFO 1435 --- [main] org.apache.catalina.core.StandardEngine  : Starting Servlet Engine: Apache Tomcat/8.5.32
2018-08-26 18:42:24.279  INFO 1435 --- [localhost-startStop-1] o.a.catalina.core.AprLifecycleListener   : The APR based Apache Tomcat Native library which allows optimal performance in production environments was not found on the java.library.path: [/Users/suresh/Library/Java/Extensions:/Library/Java/Extensions:/Network/Library/Java/Extensions:/System/Library/Java/Extensions:/usr/lib/java:.]
2018-08-26 18:42:24.376  INFO 1435 --- [localhost-startStop-1] o.a.c.c.C.[Tomcat].[localhost].[/]       : Initializing Spring embedded WebApplicationContext
2018-08-26 18:42:24.377  INFO 1435 --- [localhost-startStop-1] o.s.web.context.ContextLoader            : Root WebApplicationContext: initialization completed in 2043 ms
2018-08-26 18:42:24.756  INFO 1435 --- [localhost-startStop-1] o.s.b.w.servlet.ServletRegistrationBean  : Servlet org.glassfish.jersey.server.ResourceConfig mapped to [/*]
2018-08-26 18:42:24.760  INFO 1435 --- [localhost-startStop-1] o.s.b.w.servlet.ServletRegistrationBean  : Servlet dispatcherServlet mapped to [/]
2018-08-26 18:42:24.764  INFO 1435 --- [localhost-startStop-1] o.s.b.w.servlet.FilterRegistrationBean   : Mapping filter: 'characterEncodingFilter' to: [/*]
2018-08-26 18:42:24.765  INFO 1435 --- [localhost-startStop-1] o.s.b.w.servlet.FilterRegistrationBean   : Mapping filter: 'hiddenHttpMethodFilter' to: [/*]
2018-08-26 18:42:24.766  INFO 1435 --- [localhost-startStop-1] o.s.b.w.servlet.FilterRegistrationBean   : Mapping filter: 'httpPutFormContentFilter' to: [/*]
2018-08-26 18:42:24.766  INFO 1435 --- [localhost-startStop-1] o.s.b.w.servlet.FilterRegistrationBean   : Mapping filter: 'requestContextFilter' to: [/*]
2018-08-26 18:42:24.940  INFO 1435 --- [main] o.s.w.s.handler.SimpleUrlHandlerMapping  : Mapped URL path [/**/favicon.ico] onto handler of type [class org.springframework.web.servlet.resource.ResourceHttpRequestHandler]
2018-08-26 18:42:25.095  INFO 1435 --- [main] s.w.s.m.m.a.RequestMappingHandlerAdapter : Looking for @ControllerAdvice: org.springframework.boot.web.servlet.context.AnnotationConfigServletWebServerApplicationContext@128d2484: startup date [Sun Aug 26 18:42:22 EDT 2018]; root of context hierarchy
2018-08-26 18:42:25.189  INFO 1435 --- [main] s.w.s.m.m.a.RequestMappingHandlerMapping : Mapped "{[/error]}" onto public org.springframework.http.ResponseEntity<java.util.Map<java.lang.String, java.lang.Object>> org.springframework.boot.autoconfigure.web.servlet.error.BasicErrorController.error(javax.servlet.http.HttpServletRequest)
2018-08-26 18:42:25.191  INFO 1435 --- [main] s.w.s.m.m.a.RequestMappingHandlerMapping : Mapped "{[/error],produces=[text/html]}" onto public org.springframework.web.servlet.ModelAndView org.springframework.boot.autoconfigure.web.servlet.error.BasicErrorController.errorHtml(javax.servlet.http.HttpServletRequest,javax.servlet.http.HttpServletResponse)
2018-08-26 18:42:25.245  INFO 1435 --- [main] o.s.w.s.handler.SimpleUrlHandlerMapping  : Mapped URL path [/webjars/**] onto handler of type [class org.springframework.web.servlet.resource.ResourceHttpRequestHandler]
2018-08-26 18:42:25.246  INFO 1435 --- [main] o.s.w.s.handler.SimpleUrlHandlerMapping  : Mapped URL path [/**] onto handler of type [class org.springframework.web.servlet.resource.ResourceHttpRequestHandler]
2018-08-26 18:42:25.477  INFO 1435 --- [main] o.s.j.e.a.AnnotationMBeanExporter        : Registering beans for JMX exposure on startup
2018-08-26 18:42:25.546  INFO 1435 --- [main] o.s.b.w.embedded.tomcat.TomcatWebServer  : Tomcat started on port(s): 8090 (http) with context path ''
2018-08-26 18:42:25.553  INFO 1435 --- [main] com.example.demo.DemoApplication         : Started DemoApplication in 8.966 seconds (JVM running for 9.678)
2018-08-26 18:42:32.772  WARN 1435 --- [http-nio-8090-exec-1] org.glassfish.jersey.internal.Errors     : The following warnings have been detected: WARNING: HK2 service reification failed for [org.glassfish.jersey.message.internal.DataSourceProvider] with an exception:
MultiException stack 1 of 2
java.lang.NoClassDefFoundError: javax/activation/DataSource
	at java.base/java.lang.Class.getDeclaredConstructors0(Native Method)
	at java.base/java.lang.Class.privateGetDeclaredConstructors(Class.java:3090)
	at java.base/java.lang.Class.getDeclaredConstructors(Class.java:2316)
	at org.jvnet.hk2.internal.Utilities$3.run(Utilities.java:1378)
	at org.jvnet.hk2.internal.Utilities$3.run(Utilities.java:1374)
	at java.base/java.security.AccessController.doPrivileged(Native Method)
	at org.jvnet.hk2.internal.Utilities.getAllConstructors(Utilities.java:1374)
	at org.jvnet.hk2.internal.Utilities.findProducerConstructor(Utilities.java:1317)
	at org.jvnet.hk2.internal.DefaultClassAnalyzer.getConstructor(DefaultClassAnalyzer.java:83)
	at org.glassfish.jersey.inject.hk2.JerseyClassAnalyzer.getConstructor(JerseyClassAnalyzer.java:148)
	at org.jvnet.hk2.internal.Utilities.getConstructor(Utilities.java:180)
	at org.jvnet.hk2.internal.ClazzCreator.initialize(ClazzCreator.java:129)
	at org.jvnet.hk2.internal.ClazzCreator.initialize(ClazzCreator.java:180)
	at org.jvnet.hk2.internal.SystemDescriptor.internalReify(SystemDescriptor.java:740)
	at org.jvnet.hk2.internal.SystemDescriptor.reify(SystemDescriptor.java:694)
	at org.jvnet.hk2.internal.ServiceLocatorImpl.reifyDescriptor(ServiceLocatorImpl.java:464)
	at org.jvnet.hk2.internal.ServiceLocatorImpl.narrow(ServiceLocatorImpl.java:2310)
	at org.jvnet.hk2.internal.ServiceLocatorImpl.access$1200(ServiceLocatorImpl.java:128)
	at org.jvnet.hk2.internal.ServiceLocatorImpl$9.compute(ServiceLocatorImpl.java:1395)
	at org.jvnet.hk2.internal.ServiceLocatorImpl$9.compute(ServiceLocatorImpl.java:1390)
	at org.glassfish.hk2.utilities.cache.internal.WeakCARCacheImpl.compute(WeakCARCacheImpl.java:128)
	at org.jvnet.hk2.internal.ServiceLocatorImpl.internalGetAllServiceHandles(ServiceLocatorImpl.java:1452)
	at org.jvnet.hk2.internal.ServiceLocatorImpl.getAllServiceHandles(ServiceLocatorImpl.java:1377)
	at org.jvnet.hk2.internal.ServiceLocatorImpl.getAllServiceHandles(ServiceLocatorImpl.java:1366)
	at org.glassfish.jersey.inject.hk2.AbstractHk2InjectionManager.getAllServiceHolders(AbstractHk2InjectionManager.java:158)
	at org.glassfish.jersey.inject.hk2.ImmediateHk2InjectionManager.getAllServiceHolders(ImmediateHk2InjectionManager.java:54)
	at org.glassfish.jersey.internal.inject.Providers.getServiceHolders(Providers.java:337)
	at org.glassfish.jersey.internal.inject.Providers.getCustomProviders(Providers.java:175)
	at org.glassfish.jersey.message.internal.MessageBodyFactory.initialize(MessageBodyFactory.java:238)
	at org.glassfish.jersey.message.internal.MessageBodyFactory$MessageBodyWorkersConfigurator.postInit(MessageBodyFactory.java:136)
	at org.glassfish.jersey.server.ApplicationHandler.lambda$initialize$2(ApplicationHandler.java:372)
	at java.base/java.util.Arrays$ArrayList.forEach(Arrays.java:4389)
	at org.glassfish.jersey.server.ApplicationHandler.initialize(ApplicationHandler.java:372)
	at org.glassfish.jersey.server.ApplicationHandler.lambda$initialize$1(ApplicationHandler.java:316)
	at org.glassfish.jersey.internal.Errors.process(Errors.java:316)
	at org.glassfish.jersey.internal.Errors.process(Errors.java:298)
	at org.glassfish.jersey.internal.Errors.processWithException(Errors.java:256)
	at org.glassfish.jersey.server.ApplicationHandler.initialize(ApplicationHandler.java:315)
	at org.glassfish.jersey.server.ApplicationHandler.<init>(ApplicationHandler.java:282)
	at org.glassfish.jersey.servlet.WebComponent.<init>(WebComponent.java:335)
	at org.glassfish.jersey.servlet.ServletContainer.init(ServletContainer.java:178)
	at org.glassfish.jersey.servlet.ServletContainer.init(ServletContainer.java:370)
	at javax.servlet.GenericServlet.init(GenericServlet.java:158)
	at org.apache.catalina.core.StandardWrapper.initServlet(StandardWrapper.java:1144)
	at org.apache.catalina.core.StandardWrapper.allocate(StandardWrapper.java:789)
	at org.apache.catalina.core.StandardWrapperValve.invoke(StandardWrapperValve.java:133)
	at org.apache.catalina.core.StandardContextValve.invoke(StandardContextValve.java:96)
	at org.apache.catalina.authenticator.AuthenticatorBase.invoke(AuthenticatorBase.java:493)
	at org.apache.catalina.core.StandardHostValve.invoke(StandardHostValve.java:140)
	at org.apache.catalina.valves.ErrorReportValve.invoke(ErrorReportValve.java:81)
	at org.apache.catalina.core.StandardEngineValve.invoke(StandardEngineValve.java:87)
	at org.apache.catalina.connector.CoyoteAdapter.service(CoyoteAdapter.java:342)
	at org.apache.coyote.http11.Http11Processor.service(Http11Processor.java:800)
	at org.apache.coyote.AbstractProcessorLight.process(AbstractProcessorLight.java:66)
	at org.apache.coyote.AbstractProtocol$ConnectionHandler.process(AbstractProtocol.java:800)
	at org.apache.tomcat.util.net.NioEndpoint$SocketProcessor.doRun(NioEndpoint.java:1471)
	at org.apache.tomcat.util.net.SocketProcessorBase.run(SocketProcessorBase.java:49)
	at java.base/java.util.concurrent.ThreadPoolExecutor.runWorker(ThreadPoolExecutor.java:1135)
	at java.base/java.util.concurrent.ThreadPoolExecutor$Worker.run(ThreadPoolExecutor.java:635)
	at org.apache.tomcat.util.threads.TaskThread$WrappingRunnable.run(TaskThread.java:61)
	at java.base/java.lang.Thread.run(Thread.java:844)
Caused by: java.lang.ClassNotFoundException: javax.activation.DataSource
	at java.base/java.net.URLClassLoader.findClass(URLClassLoader.java:466)
	at java.base/java.lang.ClassLoader.loadClass(ClassLoader.java:566)
	at org.springframework.boot.loader.LaunchedURLClassLoader.loadClass(LaunchedURLClassLoader.java:93)
	at java.base/java.lang.ClassLoader.loadClass(ClassLoader.java:499)
	... 61 more
MultiException stack 2 of 2
java.lang.IllegalArgumentException: Errors were discovered while reifying SystemDescriptor(
	implementation=org.glassfish.jersey.message.internal.DataSourceProvider
	contracts={javax.ws.rs.ext.MessageBodyReader,javax.ws.rs.ext.MessageBodyWriter}
	scope=javax.inject.Singleton
	qualifiers={}
	descriptorType=CLASS
	descriptorVisibility=NORMAL
	metadata=
	rank=0
	loader=null
	proxiable=null
	proxyForSameScope=null
	analysisName=null
	id=107
	locatorId=0
	identityHashCode=89026129
	reified=false)
	at org.jvnet.hk2.internal.SystemDescriptor.reify(SystemDescriptor.java:705)
	at org.jvnet.hk2.internal.ServiceLocatorImpl.reifyDescriptor(ServiceLocatorImpl.java:464)
	at org.jvnet.hk2.internal.ServiceLocatorImpl.narrow(ServiceLocatorImpl.java:2310)
	at org.jvnet.hk2.internal.ServiceLocatorImpl.access$1200(ServiceLocatorImpl.java:128)
	at org.jvnet.hk2.internal.ServiceLocatorImpl$9.compute(ServiceLocatorImpl.java:1395)
	at org.jvnet.hk2.internal.ServiceLocatorImpl$9.compute(ServiceLocatorImpl.java:1390)
	at org.glassfish.hk2.utilities.cache.internal.WeakCARCacheImpl.compute(WeakCARCacheImpl.java:128)
	at org.jvnet.hk2.internal.ServiceLocatorImpl.internalGetAllServiceHandles(ServiceLocatorImpl.java:1452)
	at org.jvnet.hk2.internal.ServiceLocatorImpl.getAllServiceHandles(ServiceLocatorImpl.java:1377)
	at org.jvnet.hk2.internal.ServiceLocatorImpl.getAllServiceHandles(ServiceLocatorImpl.java:1366)
	at org.glassfish.jersey.inject.hk2.AbstractHk2InjectionManager.getAllServiceHolders(AbstractHk2InjectionManager.java:158)
	at org.glassfish.jersey.inject.hk2.ImmediateHk2InjectionManager.getAllServiceHolders(ImmediateHk2InjectionManager.java:54)
	at org.glassfish.jersey.internal.inject.Providers.getServiceHolders(Providers.java:337)
	at org.glassfish.jersey.internal.inject.Providers.getCustomProviders(Providers.java:175)
	at org.glassfish.jersey.message.internal.MessageBodyFactory.initialize(MessageBodyFactory.java:238)
	at org.glassfish.jersey.message.internal.MessageBodyFactory$MessageBodyWorkersConfigurator.postInit(MessageBodyFactory.java:136)
	at org.glassfish.jersey.server.ApplicationHandler.lambda$initialize$2(ApplicationHandler.java:372)
	at java.base/java.util.Arrays$ArrayList.forEach(Arrays.java:4389)
	at org.glassfish.jersey.server.ApplicationHandler.initialize(ApplicationHandler.java:372)
	at org.glassfish.jersey.server.ApplicationHandler.lambda$initialize$1(ApplicationHandler.java:316)
	at org.glassfish.jersey.internal.Errors.process(Errors.java:316)
	at org.glassfish.jersey.internal.Errors.process(Errors.java:298)
	at org.glassfish.jersey.internal.Errors.processWithException(Errors.java:256)
	at org.glassfish.jersey.server.ApplicationHandler.initialize(ApplicationHandler.java:315)
	at org.glassfish.jersey.server.ApplicationHandler.<init>(ApplicationHandler.java:282)
	at org.glassfish.jersey.servlet.WebComponent.<init>(WebComponent.java:335)
	at org.glassfish.jersey.servlet.ServletContainer.init(ServletContainer.java:178)
	at org.glassfish.jersey.servlet.ServletContainer.init(ServletContainer.java:370)
	at javax.servlet.GenericServlet.init(GenericServlet.java:158)
	at org.apache.catalina.core.StandardWrapper.initServlet(StandardWrapper.java:1144)
	at org.apache.catalina.core.StandardWrapper.allocate(StandardWrapper.java:789)
	at org.apache.catalina.core.StandardWrapperValve.invoke(StandardWrapperValve.java:133)
	at org.apache.catalina.core.StandardContextValve.invoke(StandardContextValve.java:96)
	at org.apache.catalina.authenticator.AuthenticatorBase.invoke(AuthenticatorBase.java:493)
	at org.apache.catalina.core.StandardHostValve.invoke(StandardHostValve.java:140)
	at org.apache.catalina.valves.ErrorReportValve.invoke(ErrorReportValve.java:81)
	at org.apache.catalina.core.StandardEngineValve.invoke(StandardEngineValve.java:87)
	at org.apache.catalina.connector.CoyoteAdapter.service(CoyoteAdapter.java:342)
	at org.apache.coyote.http11.Http11Processor.service(Http11Processor.java:800)
	at org.apache.coyote.AbstractProcessorLight.process(AbstractProcessorLight.java:66)
	at org.apache.coyote.AbstractProtocol$ConnectionHandler.process(AbstractProtocol.java:800)
	at org.apache.tomcat.util.net.NioEndpoint$SocketProcessor.doRun(NioEndpoint.java:1471)
	at org.apache.tomcat.util.net.SocketProcessorBase.run(SocketProcessorBase.java:49)
	at java.base/java.util.concurrent.ThreadPoolExecutor.runWorker(ThreadPoolExecutor.java:1135)
	at java.base/java.util.concurrent.ThreadPoolExecutor$Worker.run(ThreadPoolExecutor.java:635)
	at org.apache.tomcat.util.threads.TaskThread$WrappingRunnable.run(TaskThread.java:61)
	at java.base/java.lang.Thread.run(Thread.java:844)

WARNING: HK2 service reification failed for [org.glassfish.jersey.message.internal.DataSourceProvider] with an exception:
MultiException stack 1 of 2
java.lang.NoClassDefFoundError: javax/activation/DataSource
	at java.base/java.lang.Class.getDeclaredConstructors0(Native Method)
	at java.base/java.lang.Class.privateGetDeclaredConstructors(Class.java:3090)
	at java.base/java.lang.Class.getDeclaredConstructors(Class.java:2316)
	at org.jvnet.hk2.internal.Utilities$3.run(Utilities.java:1378)
	at org.jvnet.hk2.internal.Utilities$3.run(Utilities.java:1374)
	at java.base/java.security.AccessController.doPrivileged(Native Method)
	at org.jvnet.hk2.internal.Utilities.getAllConstructors(Utilities.java:1374)
	at org.jvnet.hk2.internal.Utilities.findProducerConstructor(Utilities.java:1317)
	at org.jvnet.hk2.internal.DefaultClassAnalyzer.getConstructor(DefaultClassAnalyzer.java:83)
	at org.glassfish.jersey.inject.hk2.JerseyClassAnalyzer.getConstructor(JerseyClassAnalyzer.java:148)
	at org.jvnet.hk2.internal.Utilities.getConstructor(Utilities.java:180)
	at org.jvnet.hk2.internal.ClazzCreator.initialize(ClazzCreator.java:129)
	at org.jvnet.hk2.internal.ClazzCreator.initialize(ClazzCreator.java:180)
	at org.jvnet.hk2.internal.SystemDescriptor.internalReify(SystemDescriptor.java:740)
	at org.jvnet.hk2.internal.SystemDescriptor.reify(SystemDescriptor.java:694)
	at org.jvnet.hk2.internal.ServiceLocatorImpl.reifyDescriptor(ServiceLocatorImpl.java:464)
	at org.jvnet.hk2.internal.ServiceLocatorImpl.narrow(ServiceLocatorImpl.java:2310)
	at org.jvnet.hk2.internal.ServiceLocatorImpl.access$1200(ServiceLocatorImpl.java:128)
	at org.jvnet.hk2.internal.ServiceLocatorImpl$9.compute(ServiceLocatorImpl.java:1395)
	at org.jvnet.hk2.internal.ServiceLocatorImpl$9.compute(ServiceLocatorImpl.java:1390)
	at org.glassfish.hk2.utilities.cache.internal.WeakCARCacheImpl.compute(WeakCARCacheImpl.java:128)
	at org.jvnet.hk2.internal.ServiceLocatorImpl.internalGetAllServiceHandles(ServiceLocatorImpl.java:1452)
	at org.jvnet.hk2.internal.ServiceLocatorImpl.getAllServiceHandles(ServiceLocatorImpl.java:1377)
	at org.jvnet.hk2.internal.ServiceLocatorImpl.getAllServiceHandles(ServiceLocatorImpl.java:1366)
	at org.glassfish.jersey.inject.hk2.AbstractHk2InjectionManager.getAllServiceHolders(AbstractHk2InjectionManager.java:158)
	at org.glassfish.jersey.inject.hk2.ImmediateHk2InjectionManager.getAllServiceHolders(ImmediateHk2InjectionManager.java:54)
	at org.glassfish.jersey.internal.inject.Providers.getServiceHolders(Providers.java:337)
	at org.glassfish.jersey.internal.inject.Providers.getCustomProviders(Providers.java:175)
	at org.glassfish.jersey.message.internal.MessageBodyFactory.initialize(MessageBodyFactory.java:238)
	at org.glassfish.jersey.message.internal.MessageBodyFactory$MessageBodyWorkersConfigurator.postInit(MessageBodyFactory.java:136)
	at org.glassfish.jersey.server.ApplicationHandler.lambda$initialize$2(ApplicationHandler.java:372)
	at java.base/java.util.Arrays$ArrayList.forEach(Arrays.java:4389)
	at org.glassfish.jersey.server.ApplicationHandler.initialize(ApplicationHandler.java:372)
	at org.glassfish.jersey.server.ApplicationHandler.lambda$initialize$1(ApplicationHandler.java:316)
	at org.glassfish.jersey.internal.Errors.process(Errors.java:316)
	at org.glassfish.jersey.internal.Errors.process(Errors.java:298)
	at org.glassfish.jersey.internal.Errors.processWithException(Errors.java:256)
	at org.glassfish.jersey.server.ApplicationHandler.initialize(ApplicationHandler.java:315)
	at org.glassfish.jersey.server.ApplicationHandler.<init>(ApplicationHandler.java:282)
	at org.glassfish.jersey.servlet.WebComponent.<init>(WebComponent.java:335)
	at org.glassfish.jersey.servlet.ServletContainer.init(ServletContainer.java:178)
	at org.glassfish.jersey.servlet.ServletContainer.init(ServletContainer.java:370)
	at javax.servlet.GenericServlet.init(GenericServlet.java:158)
	at org.apache.catalina.core.StandardWrapper.initServlet(StandardWrapper.java:1144)
	at org.apache.catalina.core.StandardWrapper.allocate(StandardWrapper.java:789)
	at org.apache.catalina.core.StandardWrapperValve.invoke(StandardWrapperValve.java:133)
	at org.apache.catalina.core.StandardContextValve.invoke(StandardContextValve.java:96)
	at org.apache.catalina.authenticator.AuthenticatorBase.invoke(AuthenticatorBase.java:493)
	at org.apache.catalina.core.StandardHostValve.invoke(StandardHostValve.java:140)
	at org.apache.catalina.valves.ErrorReportValve.invoke(ErrorReportValve.java:81)
	at org.apache.catalina.core.StandardEngineValve.invoke(StandardEngineValve.java:87)
	at org.apache.catalina.connector.CoyoteAdapter.service(CoyoteAdapter.java:342)
	at org.apache.coyote.http11.Http11Processor.service(Http11Processor.java:800)
	at org.apache.coyote.AbstractProcessorLight.process(AbstractProcessorLight.java:66)
	at org.apache.coyote.AbstractProtocol$ConnectionHandler.process(AbstractProtocol.java:800)
	at org.apache.tomcat.util.net.NioEndpoint$SocketProcessor.doRun(NioEndpoint.java:1471)
	at org.apache.tomcat.util.net.SocketProcessorBase.run(SocketProcessorBase.java:49)
	at java.base/java.util.concurrent.ThreadPoolExecutor.runWorker(ThreadPoolExecutor.java:1135)
	at java.base/java.util.concurrent.ThreadPoolExecutor$Worker.run(ThreadPoolExecutor.java:635)
	at org.apache.tomcat.util.threads.TaskThread$WrappingRunnable.run(TaskThread.java:61)
	at java.base/java.lang.Thread.run(Thread.java:844)
Caused by: java.lang.ClassNotFoundException: javax.activation.DataSource
	at java.base/java.net.URLClassLoader.findClass(URLClassLoader.java:466)
	at java.base/java.lang.ClassLoader.loadClass(ClassLoader.java:566)
	at org.springframework.boot.loader.LaunchedURLClassLoader.loadClass(LaunchedURLClassLoader.java:93)
	at java.base/java.lang.ClassLoader.loadClass(ClassLoader.java:499)
	... 61 more
MultiException stack 2 of 2
java.lang.IllegalArgumentException: Errors were discovered while reifying SystemDescriptor(
	implementation=org.glassfish.jersey.message.internal.DataSourceProvider
	contracts={javax.ws.rs.ext.MessageBodyReader,javax.ws.rs.ext.MessageBodyWriter}
	scope=javax.inject.Singleton
	qualifiers={}
	descriptorType=CLASS
	descriptorVisibility=NORMAL
	metadata=
	rank=0
	loader=null
	proxiable=null
	proxyForSameScope=null
	analysisName=null
	id=107
	locatorId=0
	identityHashCode=89026129
	reified=false)
	at org.jvnet.hk2.internal.SystemDescriptor.reify(SystemDescriptor.java:705)
	at org.jvnet.hk2.internal.ServiceLocatorImpl.reifyDescriptor(ServiceLocatorImpl.java:464)
	at org.jvnet.hk2.internal.ServiceLocatorImpl.narrow(ServiceLocatorImpl.java:2310)
	at org.jvnet.hk2.internal.ServiceLocatorImpl.access$1200(ServiceLocatorImpl.java:128)
	at org.jvnet.hk2.internal.ServiceLocatorImpl$9.compute(ServiceLocatorImpl.java:1395)
	at org.jvnet.hk2.internal.ServiceLocatorImpl$9.compute(ServiceLocatorImpl.java:1390)
	at org.glassfish.hk2.utilities.cache.internal.WeakCARCacheImpl.compute(WeakCARCacheImpl.java:128)
	at org.jvnet.hk2.internal.ServiceLocatorImpl.internalGetAllServiceHandles(ServiceLocatorImpl.java:1452)
	at org.jvnet.hk2.internal.ServiceLocatorImpl.getAllServiceHandles(ServiceLocatorImpl.java:1377)
	at org.jvnet.hk2.internal.ServiceLocatorImpl.getAllServiceHandles(ServiceLocatorImpl.java:1366)
	at org.glassfish.jersey.inject.hk2.AbstractHk2InjectionManager.getAllServiceHolders(AbstractHk2InjectionManager.java:158)
	at org.glassfish.jersey.inject.hk2.ImmediateHk2InjectionManager.getAllServiceHolders(ImmediateHk2InjectionManager.java:54)
	at org.glassfish.jersey.internal.inject.Providers.getServiceHolders(Providers.java:337)
	at org.glassfish.jersey.internal.inject.Providers.getCustomProviders(Providers.java:175)
	at org.glassfish.jersey.message.internal.MessageBodyFactory.initialize(MessageBodyFactory.java:238)
	at org.glassfish.jersey.message.internal.MessageBodyFactory$MessageBodyWorkersConfigurator.postInit(MessageBodyFactory.java:136)
	at org.glassfish.jersey.server.ApplicationHandler.lambda$initialize$2(ApplicationHandler.java:372)
	at java.base/java.util.Arrays$ArrayList.forEach(Arrays.java:4389)
	at org.glassfish.jersey.server.ApplicationHandler.initialize(ApplicationHandler.java:372)
	at org.glassfish.jersey.server.ApplicationHandler.lambda$initialize$1(ApplicationHandler.java:316)
	at org.glassfish.jersey.internal.Errors.process(Errors.java:316)
	at org.glassfish.jersey.internal.Errors.process(Errors.java:298)
	at org.glassfish.jersey.internal.Errors.processWithException(Errors.java:256)
	at org.glassfish.jersey.server.ApplicationHandler.initialize(ApplicationHandler.java:315)
	at org.glassfish.jersey.server.ApplicationHandler.<init>(ApplicationHandler.java:282)
	at org.glassfish.jersey.servlet.WebComponent.<init>(WebComponent.java:335)
	at org.glassfish.jersey.servlet.ServletContainer.init(ServletContainer.java:178)
	at org.glassfish.jersey.servlet.ServletContainer.init(ServletContainer.java:370)
	at javax.servlet.GenericServlet.init(GenericServlet.java:158)
	at org.apache.catalina.core.StandardWrapper.initServlet(StandardWrapper.java:1144)
	at org.apache.catalina.core.StandardWrapper.allocate(StandardWrapper.java:789)
	at org.apache.catalina.core.StandardWrapperValve.invoke(StandardWrapperValve.java:133)
	at org.apache.catalina.core.StandardContextValve.invoke(StandardContextValve.java:96)
	at org.apache.catalina.authenticator.AuthenticatorBase.invoke(AuthenticatorBase.java:493)
	at org.apache.catalina.core.StandardHostValve.invoke(StandardHostValve.java:140)
	at org.apache.catalina.valves.ErrorReportValve.invoke(ErrorReportValve.java:81)
	at org.apache.catalina.core.StandardEngineValve.invoke(StandardEngineValve.java:87)
	at org.apache.catalina.connector.CoyoteAdapter.service(CoyoteAdapter.java:342)
	at org.apache.coyote.http11.Http11Processor.service(Http11Processor.java:800)
	at org.apache.coyote.AbstractProcessorLight.process(AbstractProcessorLight.java:66)
	at org.apache.coyote.AbstractProtocol$ConnectionHandler.process(AbstractProtocol.java:800)
	at org.apache.tomcat.util.net.NioEndpoint$SocketProcessor.doRun(NioEndpoint.java:1471)
	at org.apache.tomcat.util.net.SocketProcessorBase.run(SocketProcessorBase.java:49)
	at java.base/java.util.concurrent.ThreadPoolExecutor.runWorker(ThreadPoolExecutor.java:1135)
	at java.base/java.util.concurrent.ThreadPoolExecutor$Worker.run(ThreadPoolExecutor.java:635)
	at org.apache.tomcat.util.threads.TaskThread$WrappingRunnable.run(TaskThread.java:61)
	at java.base/java.lang.Thread.run(Thread.java:844)

WARNING: HK2 service reification failed for [org.glassfish.jersey.message.internal.DataSourceProvider] with an exception:
MultiException stack 1 of 2
java.lang.NoClassDefFoundError: javax/activation/DataSource
	at java.base/java.lang.Class.getDeclaredConstructors0(Native Method)
	at java.base/java.lang.Class.privateGetDeclaredConstructors(Class.java:3090)
	at java.base/java.lang.Class.getDeclaredConstructors(Class.java:2316)
	at org.jvnet.hk2.internal.Utilities$3.run(Utilities.java:1378)
	at org.jvnet.hk2.internal.Utilities$3.run(Utilities.java:1374)
	at java.base/java.security.AccessController.doPrivileged(Native Method)
	at org.jvnet.hk2.internal.Utilities.getAllConstructors(Utilities.java:1374)
	at org.jvnet.hk2.internal.Utilities.findProducerConstructor(Utilities.java:1317)
	at org.jvnet.hk2.internal.DefaultClassAnalyzer.getConstructor(DefaultClassAnalyzer.java:83)
	at org.glassfish.jersey.inject.hk2.JerseyClassAnalyzer.getConstructor(JerseyClassAnalyzer.java:148)
	at org.jvnet.hk2.internal.Utilities.getConstructor(Utilities.java:180)
	at org.jvnet.hk2.internal.ClazzCreator.initialize(ClazzCreator.java:129)
	at org.jvnet.hk2.internal.ClazzCreator.initialize(ClazzCreator.java:180)
	at org.jvnet.hk2.internal.SystemDescriptor.internalReify(SystemDescriptor.java:740)
	at org.jvnet.hk2.internal.SystemDescriptor.reify(SystemDescriptor.java:694)
	at org.jvnet.hk2.internal.ServiceLocatorImpl.reifyDescriptor(ServiceLocatorImpl.java:464)
	at org.jvnet.hk2.internal.ServiceLocatorImpl.narrow(ServiceLocatorImpl.java:2310)
	at org.jvnet.hk2.internal.ServiceLocatorImpl.access$1200(ServiceLocatorImpl.java:128)
	at org.jvnet.hk2.internal.ServiceLocatorImpl$9.compute(ServiceLocatorImpl.java:1395)
	at org.jvnet.hk2.internal.ServiceLocatorImpl$9.compute(ServiceLocatorImpl.java:1390)
	at org.glassfish.hk2.utilities.cache.internal.WeakCARCacheImpl.compute(WeakCARCacheImpl.java:128)
	at org.jvnet.hk2.internal.ServiceLocatorImpl.internalGetAllServiceHandles(ServiceLocatorImpl.java:1452)
	at org.jvnet.hk2.internal.ServiceLocatorImpl.getAllServiceHandles(ServiceLocatorImpl.java:1377)
	at org.jvnet.hk2.internal.ServiceLocatorImpl.getAllServiceHandles(ServiceLocatorImpl.java:1366)
	at org.glassfish.jersey.inject.hk2.AbstractHk2InjectionManager.getAllServiceHolders(AbstractHk2InjectionManager.java:158)
	at org.glassfish.jersey.inject.hk2.ImmediateHk2InjectionManager.getAllServiceHolders(ImmediateHk2InjectionManager.java:54)
	at org.glassfish.jersey.internal.inject.Providers.getServiceHolders(Providers.java:329)
	at org.glassfish.jersey.internal.inject.Providers.getProviders(Providers.java:157)
	at org.glassfish.jersey.message.internal.MessageBodyFactory.initialize(MessageBodyFactory.java:239)
	at org.glassfish.jersey.message.internal.MessageBodyFactory$MessageBodyWorkersConfigurator.postInit(MessageBodyFactory.java:136)
	at org.glassfish.jersey.server.ApplicationHandler.lambda$initialize$2(ApplicationHandler.java:372)
	at java.base/java.util.Arrays$ArrayList.forEach(Arrays.java:4389)
	at org.glassfish.jersey.server.ApplicationHandler.initialize(ApplicationHandler.java:372)
	at org.glassfish.jersey.server.ApplicationHandler.lambda$initialize$1(ApplicationHandler.java:316)
	at org.glassfish.jersey.internal.Errors.process(Errors.java:316)
	at org.glassfish.jersey.internal.Errors.process(Errors.java:298)
	at org.glassfish.jersey.internal.Errors.processWithException(Errors.java:256)
	at org.glassfish.jersey.server.ApplicationHandler.initialize(ApplicationHandler.java:315)
	at org.glassfish.jersey.server.ApplicationHandler.<init>(ApplicationHandler.java:282)
	at org.glassfish.jersey.servlet.WebComponent.<init>(WebComponent.java:335)
	at org.glassfish.jersey.servlet.ServletContainer.init(ServletContainer.java:178)
	at org.glassfish.jersey.servlet.ServletContainer.init(ServletContainer.java:370)
	at javax.servlet.GenericServlet.init(GenericServlet.java:158)
	at org.apache.catalina.core.StandardWrapper.initServlet(StandardWrapper.java:1144)
	at org.apache.catalina.core.StandardWrapper.allocate(StandardWrapper.java:789)
	at org.apache.catalina.core.StandardWrapperValve.invoke(StandardWrapperValve.java:133)
	at org.apache.catalina.core.StandardContextValve.invoke(StandardContextValve.java:96)
	at org.apache.catalina.authenticator.AuthenticatorBase.invoke(AuthenticatorBase.java:493)
	at org.apache.catalina.core.StandardHostValve.invoke(StandardHostValve.java:140)
	at org.apache.catalina.valves.ErrorReportValve.invoke(ErrorReportValve.java:81)
	at org.apache.catalina.core.StandardEngineValve.invoke(StandardEngineValve.java:87)
	at org.apache.catalina.connector.CoyoteAdapter.service(CoyoteAdapter.java:342)
	at org.apache.coyote.http11.Http11Processor.service(Http11Processor.java:800)
	at org.apache.coyote.AbstractProcessorLight.process(AbstractProcessorLight.java:66)
	at org.apache.coyote.AbstractProtocol$ConnectionHandler.process(AbstractProtocol.java:800)
	at org.apache.tomcat.util.net.NioEndpoint$SocketProcessor.doRun(NioEndpoint.java:1471)
	at org.apache.tomcat.util.net.SocketProcessorBase.run(SocketProcessorBase.java:49)
	at java.base/java.util.concurrent.ThreadPoolExecutor.runWorker(ThreadPoolExecutor.java:1135)
	at java.base/java.util.concurrent.ThreadPoolExecutor$Worker.run(ThreadPoolExecutor.java:635)
	at org.apache.tomcat.util.threads.TaskThread$WrappingRunnable.run(TaskThread.java:61)
	at java.base/java.lang.Thread.run(Thread.java:844)
Caused by: java.lang.ClassNotFoundException: javax.activation.DataSource
	at java.base/java.net.URLClassLoader.findClass(URLClassLoader.java:466)
	at java.base/java.lang.ClassLoader.loadClass(ClassLoader.java:566)
	at org.springframework.boot.loader.LaunchedURLClassLoader.loadClass(LaunchedURLClassLoader.java:93)
	at java.base/java.lang.ClassLoader.loadClass(ClassLoader.java:499)
	... 61 more
MultiException stack 2 of 2
java.lang.IllegalArgumentException: Errors were discovered while reifying SystemDescriptor(
	implementation=org.glassfish.jersey.message.internal.DataSourceProvider
	contracts={javax.ws.rs.ext.MessageBodyReader,javax.ws.rs.ext.MessageBodyWriter}
	scope=javax.inject.Singleton
	qualifiers={}
	descriptorType=CLASS
	descriptorVisibility=NORMAL
	metadata=
	rank=0
	loader=null
	proxiable=null
	proxyForSameScope=null
	analysisName=null
	id=107
	locatorId=0
	identityHashCode=89026129
	reified=false)
	at org.jvnet.hk2.internal.SystemDescriptor.reify(SystemDescriptor.java:705)
	at org.jvnet.hk2.internal.ServiceLocatorImpl.reifyDescriptor(ServiceLocatorImpl.java:464)
	at org.jvnet.hk2.internal.ServiceLocatorImpl.narrow(ServiceLocatorImpl.java:2310)
	at org.jvnet.hk2.internal.ServiceLocatorImpl.access$1200(ServiceLocatorImpl.java:128)
	at org.jvnet.hk2.internal.ServiceLocatorImpl$9.compute(ServiceLocatorImpl.java:1395)
	at org.jvnet.hk2.internal.ServiceLocatorImpl$9.compute(ServiceLocatorImpl.java:1390)
	at org.glassfish.hk2.utilities.cache.internal.WeakCARCacheImpl.compute(WeakCARCacheImpl.java:128)
	at org.jvnet.hk2.internal.ServiceLocatorImpl.internalGetAllServiceHandles(ServiceLocatorImpl.java:1452)
	at org.jvnet.hk2.internal.ServiceLocatorImpl.getAllServiceHandles(ServiceLocatorImpl.java:1377)
	at org.jvnet.hk2.internal.ServiceLocatorImpl.getAllServiceHandles(ServiceLocatorImpl.java:1366)
	at org.glassfish.jersey.inject.hk2.AbstractHk2InjectionManager.getAllServiceHolders(AbstractHk2InjectionManager.java:158)
	at org.glassfish.jersey.inject.hk2.ImmediateHk2InjectionManager.getAllServiceHolders(ImmediateHk2InjectionManager.java:54)
	at org.glassfish.jersey.internal.inject.Providers.getServiceHolders(Providers.java:329)
	at org.glassfish.jersey.internal.inject.Providers.getProviders(Providers.java:157)
	at org.glassfish.jersey.message.internal.MessageBodyFactory.initialize(MessageBodyFactory.java:239)
	at org.glassfish.jersey.message.internal.MessageBodyFactory$MessageBodyWorkersConfigurator.postInit(MessageBodyFactory.java:136)
	at org.glassfish.jersey.server.ApplicationHandler.lambda$initialize$2(ApplicationHandler.java:372)
	at java.base/java.util.Arrays$ArrayList.forEach(Arrays.java:4389)
	at org.glassfish.jersey.server.ApplicationHandler.initialize(ApplicationHandler.java:372)
	at org.glassfish.jersey.server.ApplicationHandler.lambda$initialize$1(ApplicationHandler.java:316)
	at org.glassfish.jersey.internal.Errors.process(Errors.java:316)
	at org.glassfish.jersey.internal.Errors.process(Errors.java:298)
	at org.glassfish.jersey.internal.Errors.processWithException(Errors.java:256)
	at org.glassfish.jersey.server.ApplicationHandler.initialize(ApplicationHandler.java:315)
	at org.glassfish.jersey.server.ApplicationHandler.<init>(ApplicationHandler.java:282)
	at org.glassfish.jersey.servlet.WebComponent.<init>(WebComponent.java:335)
	at org.glassfish.jersey.servlet.ServletContainer.init(ServletContainer.java:178)
	at org.glassfish.jersey.servlet.ServletContainer.init(ServletContainer.java:370)
	at javax.servlet.GenericServlet.init(GenericServlet.java:158)
	at org.apache.catalina.core.StandardWrapper.initServlet(StandardWrapper.java:1144)
	at org.apache.catalina.core.StandardWrapper.allocate(StandardWrapper.java:789)
	at org.apache.catalina.core.StandardWrapperValve.invoke(StandardWrapperValve.java:133)
	at org.apache.catalina.core.StandardContextValve.invoke(StandardContextValve.java:96)
	at org.apache.catalina.authenticator.AuthenticatorBase.invoke(AuthenticatorBase.java:493)
	at org.apache.catalina.core.StandardHostValve.invoke(StandardHostValve.java:140)
	at org.apache.catalina.valves.ErrorReportValve.invoke(ErrorReportValve.java:81)
	at org.apache.catalina.core.StandardEngineValve.invoke(StandardEngineValve.java:87)
	at org.apache.catalina.connector.CoyoteAdapter.service(CoyoteAdapter.java:342)
	at org.apache.coyote.http11.Http11Processor.service(Http11Processor.java:800)
	at org.apache.coyote.AbstractProcessorLight.process(AbstractProcessorLight.java:66)
	at org.apache.coyote.AbstractProtocol$ConnectionHandler.process(AbstractProtocol.java:800)
	at org.apache.tomcat.util.net.NioEndpoint$SocketProcessor.doRun(NioEndpoint.java:1471)
	at org.apache.tomcat.util.net.SocketProcessorBase.run(SocketProcessorBase.java:49)
	at java.base/java.util.concurrent.ThreadPoolExecutor.runWorker(ThreadPoolExecutor.java:1135)
	at java.base/java.util.concurrent.ThreadPoolExecutor$Worker.run(ThreadPoolExecutor.java:635)
	at org.apache.tomcat.util.threads.TaskThread$WrappingRunnable.run(TaskThread.java:61)
	at java.base/java.lang.Thread.run(Thread.java:844)

WARNING: HK2 service reification failed for [org.glassfish.jersey.message.internal.DataSourceProvider] with an exception:
MultiException stack 1 of 2
java.lang.NoClassDefFoundError: javax/activation/DataSource
	at java.base/java.lang.Class.getDeclaredConstructors0(Native Method)
	at java.base/java.lang.Class.privateGetDeclaredConstructors(Class.java:3090)
	at java.base/java.lang.Class.getDeclaredConstructors(Class.java:2316)
	at org.jvnet.hk2.internal.Utilities$3.run(Utilities.java:1378)
	at org.jvnet.hk2.internal.Utilities$3.run(Utilities.java:1374)
	at java.base/java.security.AccessController.doPrivileged(Native Method)
	at org.jvnet.hk2.internal.Utilities.getAllConstructors(Utilities.java:1374)
	at org.jvnet.hk2.internal.Utilities.findProducerConstructor(Utilities.java:1317)
	at org.jvnet.hk2.internal.DefaultClassAnalyzer.getConstructor(DefaultClassAnalyzer.java:83)
	at org.glassfish.jersey.inject.hk2.JerseyClassAnalyzer.getConstructor(JerseyClassAnalyzer.java:148)
	at org.jvnet.hk2.internal.Utilities.getConstructor(Utilities.java:180)
	at org.jvnet.hk2.internal.ClazzCreator.initialize(ClazzCreator.java:129)
	at org.jvnet.hk2.internal.ClazzCreator.initialize(ClazzCreator.java:180)
	at org.jvnet.hk2.internal.SystemDescriptor.internalReify(SystemDescriptor.java:740)
	at org.jvnet.hk2.internal.SystemDescriptor.reify(SystemDescriptor.java:694)
	at org.jvnet.hk2.internal.ServiceLocatorImpl.reifyDescriptor(ServiceLocatorImpl.java:464)
	at org.jvnet.hk2.internal.ServiceLocatorImpl.narrow(ServiceLocatorImpl.java:2310)
	at org.jvnet.hk2.internal.ServiceLocatorImpl.access$1200(ServiceLocatorImpl.java:128)
	at org.jvnet.hk2.internal.ServiceLocatorImpl$9.compute(ServiceLocatorImpl.java:1395)
	at org.jvnet.hk2.internal.ServiceLocatorImpl$9.compute(ServiceLocatorImpl.java:1390)
	at org.glassfish.hk2.utilities.cache.internal.WeakCARCacheImpl.compute(WeakCARCacheImpl.java:128)
	at org.jvnet.hk2.internal.ServiceLocatorImpl.internalGetAllServiceHandles(ServiceLocatorImpl.java:1452)
	at org.jvnet.hk2.internal.ServiceLocatorImpl.getAllServiceHandles(ServiceLocatorImpl.java:1377)
	at org.jvnet.hk2.internal.ServiceLocatorImpl.getAllServiceHandles(ServiceLocatorImpl.java:1366)
	at org.glassfish.jersey.inject.hk2.AbstractHk2InjectionManager.getAllServiceHolders(AbstractHk2InjectionManager.java:158)
	at org.glassfish.jersey.inject.hk2.ImmediateHk2InjectionManager.getAllServiceHolders(ImmediateHk2InjectionManager.java:54)
	at org.glassfish.jersey.internal.inject.Providers.getServiceHolders(Providers.java:329)
	at org.glassfish.jersey.internal.inject.Providers.getProviders(Providers.java:157)
	at org.glassfish.jersey.message.internal.MessageBodyFactory.initialize(MessageBodyFactory.java:239)
	at org.glassfish.jersey.message.internal.MessageBodyFactory$MessageBodyWorkersConfigurator.postInit(MessageBodyFactory.java:136)
	at org.glassfish.jersey.server.ApplicationHandler.lambda$initialize$2(ApplicationHandler.java:372)
	at java.base/java.util.Arrays$ArrayList.forEach(Arrays.java:4389)
	at org.glassfish.jersey.server.ApplicationHandler.initialize(ApplicationHandler.java:372)
	at org.glassfish.jersey.server.ApplicationHandler.lambda$initialize$1(ApplicationHandler.java:316)
	at org.glassfish.jersey.internal.Errors.process(Errors.java:316)
	at org.glassfish.jersey.internal.Errors.process(Errors.java:298)
	at org.glassfish.jersey.internal.Errors.processWithException(Errors.java:256)
	at org.glassfish.jersey.server.ApplicationHandler.initialize(ApplicationHandler.java:315)
	at org.glassfish.jersey.server.ApplicationHandler.<init>(ApplicationHandler.java:282)
	at org.glassfish.jersey.servlet.WebComponent.<init>(WebComponent.java:335)
	at org.glassfish.jersey.servlet.ServletContainer.init(ServletContainer.java:178)
	at org.glassfish.jersey.servlet.ServletContainer.init(ServletContainer.java:370)
	at javax.servlet.GenericServlet.init(GenericServlet.java:158)
	at org.apache.catalina.core.StandardWrapper.initServlet(StandardWrapper.java:1144)
	at org.apache.catalina.core.StandardWrapper.allocate(StandardWrapper.java:789)
	at org.apache.catalina.core.StandardWrapperValve.invoke(StandardWrapperValve.java:133)
	at org.apache.catalina.core.StandardContextValve.invoke(StandardContextValve.java:96)
	at org.apache.catalina.authenticator.AuthenticatorBase.invoke(AuthenticatorBase.java:493)
	at org.apache.catalina.core.StandardHostValve.invoke(StandardHostValve.java:140)
	at org.apache.catalina.valves.ErrorReportValve.invoke(ErrorReportValve.java:81)
	at org.apache.catalina.core.StandardEngineValve.invoke(StandardEngineValve.java:87)
	at org.apache.catalina.connector.CoyoteAdapter.service(CoyoteAdapter.java:342)
	at org.apache.coyote.http11.Http11Processor.service(Http11Processor.java:800)
	at org.apache.coyote.AbstractProcessorLight.process(AbstractProcessorLight.java:66)
	at org.apache.coyote.AbstractProtocol$ConnectionHandler.process(AbstractProtocol.java:800)
	at org.apache.tomcat.util.net.NioEndpoint$SocketProcessor.doRun(NioEndpoint.java:1471)
	at org.apache.tomcat.util.net.SocketProcessorBase.run(SocketProcessorBase.java:49)
	at java.base/java.util.concurrent.ThreadPoolExecutor.runWorker(ThreadPoolExecutor.java:1135)
	at java.base/java.util.concurrent.ThreadPoolExecutor$Worker.run(ThreadPoolExecutor.java:635)
	at org.apache.tomcat.util.threads.TaskThread$WrappingRunnable.run(TaskThread.java:61)
	at java.base/java.lang.Thread.run(Thread.java:844)
Caused by: java.lang.ClassNotFoundException: javax.activation.DataSource
	at java.base/java.net.URLClassLoader.findClass(URLClassLoader.java:466)
	at java.base/java.lang.ClassLoader.loadClass(ClassLoader.java:566)
	at org.springframework.boot.loader.LaunchedURLClassLoader.loadClass(LaunchedURLClassLoader.java:93)
	at java.base/java.lang.ClassLoader.loadClass(ClassLoader.java:499)
	... 61 more
MultiException stack 2 of 2
java.lang.IllegalArgumentException: Errors were discovered while reifying SystemDescriptor(
	implementation=org.glassfish.jersey.message.internal.DataSourceProvider
	contracts={javax.ws.rs.ext.MessageBodyReader,javax.ws.rs.ext.MessageBodyWriter}
	scope=javax.inject.Singleton
	qualifiers={}
	descriptorType=CLASS
	descriptorVisibility=NORMAL
	metadata=
	rank=0
	loader=null
	proxiable=null
	proxyForSameScope=null
	analysisName=null
	id=107
	locatorId=0
	identityHashCode=89026129
	reified=false)
	at org.jvnet.hk2.internal.SystemDescriptor.reify(SystemDescriptor.java:705)
	at org.jvnet.hk2.internal.ServiceLocatorImpl.reifyDescriptor(ServiceLocatorImpl.java:464)
	at org.jvnet.hk2.internal.ServiceLocatorImpl.narrow(ServiceLocatorImpl.java:2310)
	at org.jvnet.hk2.internal.ServiceLocatorImpl.access$1200(ServiceLocatorImpl.java:128)
	at org.jvnet.hk2.internal.ServiceLocatorImpl$9.compute(ServiceLocatorImpl.java:1395)
	at org.jvnet.hk2.internal.ServiceLocatorImpl$9.compute(ServiceLocatorImpl.java:1390)
	at org.glassfish.hk2.utilities.cache.internal.WeakCARCacheImpl.compute(WeakCARCacheImpl.java:128)
	at org.jvnet.hk2.internal.ServiceLocatorImpl.internalGetAllServiceHandles(ServiceLocatorImpl.java:1452)
	at org.jvnet.hk2.internal.ServiceLocatorImpl.getAllServiceHandles(ServiceLocatorImpl.java:1377)
	at org.jvnet.hk2.internal.ServiceLocatorImpl.getAllServiceHandles(ServiceLocatorImpl.java:1366)
	at org.glassfish.jersey.inject.hk2.AbstractHk2InjectionManager.getAllServiceHolders(AbstractHk2InjectionManager.java:158)
	at org.glassfish.jersey.inject.hk2.ImmediateHk2InjectionManager.getAllServiceHolders(ImmediateHk2InjectionManager.java:54)
	at org.glassfish.jersey.internal.inject.Providers.getServiceHolders(Providers.java:329)
	at org.glassfish.jersey.internal.inject.Providers.getProviders(Providers.java:157)
	at org.glassfish.jersey.message.internal.MessageBodyFactory.initialize(MessageBodyFactory.java:239)
	at org.glassfish.jersey.message.internal.MessageBodyFactory$MessageBodyWorkersConfigurator.postInit(MessageBodyFactory.java:136)
	at org.glassfish.jersey.server.ApplicationHandler.lambda$initialize$2(ApplicationHandler.java:372)
	at java.base/java.util.Arrays$ArrayList.forEach(Arrays.java:4389)
	at org.glassfish.jersey.server.ApplicationHandler.initialize(ApplicationHandler.java:372)
	at org.glassfish.jersey.server.ApplicationHandler.lambda$initialize$1(ApplicationHandler.java:316)
	at org.glassfish.jersey.internal.Errors.process(Errors.java:316)
	at org.glassfish.jersey.internal.Errors.process(Errors.java:298)
	at org.glassfish.jersey.internal.Errors.processWithException(Errors.java:256)
	at org.glassfish.jersey.server.ApplicationHandler.initialize(ApplicationHandler.java:315)
	at org.glassfish.jersey.server.ApplicationHandler.<init>(ApplicationHandler.java:282)
	at org.glassfish.jersey.servlet.WebComponent.<init>(WebComponent.java:335)
	at org.glassfish.jersey.servlet.ServletContainer.init(ServletContainer.java:178)
	at org.glassfish.jersey.servlet.ServletContainer.init(ServletContainer.java:370)
	at javax.servlet.GenericServlet.init(GenericServlet.java:158)
	at org.apache.catalina.core.StandardWrapper.initServlet(StandardWrapper.java:1144)
	at org.apache.catalina.core.StandardWrapper.allocate(StandardWrapper.java:789)
	at org.apache.catalina.core.StandardWrapperValve.invoke(StandardWrapperValve.java:133)
	at org.apache.catalina.core.StandardContextValve.invoke(StandardContextValve.java:96)
	at org.apache.catalina.authenticator.AuthenticatorBase.invoke(AuthenticatorBase.java:493)
	at org.apache.catalina.core.StandardHostValve.invoke(StandardHostValve.java:140)
	at org.apache.catalina.valves.ErrorReportValve.invoke(ErrorReportValve.java:81)
	at org.apache.catalina.core.StandardEngineValve.invoke(StandardEngineValve.java:87)
	at org.apache.catalina.connector.CoyoteAdapter.service(CoyoteAdapter.java:342)
	at org.apache.coyote.http11.Http11Processor.service(Http11Processor.java:800)
	at org.apache.coyote.AbstractProcessorLight.process(AbstractProcessorLight.java:66)
	at org.apache.coyote.AbstractProtocol$ConnectionHandler.process(AbstractProtocol.java:800)
	at org.apache.tomcat.util.net.NioEndpoint$SocketProcessor.doRun(NioEndpoint.java:1471)
	at org.apache.tomcat.util.net.SocketProcessorBase.run(SocketProcessorBase.java:49)
	at java.base/java.util.concurrent.ThreadPoolExecutor.runWorker(ThreadPoolExecutor.java:1135)
	at java.base/java.util.concurrent.ThreadPoolExecutor$Worker.run(ThreadPoolExecutor.java:635)
	at org.apache.tomcat.util.threads.TaskThread$WrappingRunnable.run(TaskThread.java:61)
	at java.base/java.lang.Thread.run(Thread.java:844)

WARNING: HK2 service reification failed for [org.glassfish.jersey.message.internal.DataSourceProvider] with an exception:
MultiException stack 1 of 2
java.lang.NoClassDefFoundError: javax/activation/DataSource
	at java.base/java.lang.Class.getDeclaredConstructors0(Native Method)
	at java.base/java.lang.Class.privateGetDeclaredConstructors(Class.java:3090)
	at java.base/java.lang.Class.getDeclaredConstructors(Class.java:2316)
	at org.jvnet.hk2.internal.Utilities$3.run(Utilities.java:1378)
	at org.jvnet.hk2.internal.Utilities$3.run(Utilities.java:1374)
	at java.base/java.security.AccessController.doPrivileged(Native Method)
	at org.jvnet.hk2.internal.Utilities.getAllConstructors(Utilities.java:1374)
	at org.jvnet.hk2.internal.Utilities.findProducerConstructor(Utilities.java:1317)
	at org.jvnet.hk2.internal.DefaultClassAnalyzer.getConstructor(DefaultClassAnalyzer.java:83)
	at org.glassfish.jersey.inject.hk2.JerseyClassAnalyzer.getConstructor(JerseyClassAnalyzer.java:148)
	at org.jvnet.hk2.internal.Utilities.getConstructor(Utilities.java:180)
	at org.jvnet.hk2.internal.ClazzCreator.initialize(ClazzCreator.java:129)
	at org.jvnet.hk2.internal.ClazzCreator.initialize(ClazzCreator.java:180)
	at org.jvnet.hk2.internal.SystemDescriptor.internalReify(SystemDescriptor.java:740)
	at org.jvnet.hk2.internal.SystemDescriptor.reify(SystemDescriptor.java:694)
	at org.jvnet.hk2.internal.ServiceLocatorImpl.reifyDescriptor(ServiceLocatorImpl.java:464)
	at org.jvnet.hk2.internal.ServiceLocatorImpl.narrow(ServiceLocatorImpl.java:2310)
	at org.jvnet.hk2.internal.ServiceLocatorImpl.access$1200(ServiceLocatorImpl.java:128)
	at org.jvnet.hk2.internal.ServiceLocatorImpl$9.compute(ServiceLocatorImpl.java:1395)
	at org.jvnet.hk2.internal.ServiceLocatorImpl$9.compute(ServiceLocatorImpl.java:1390)
	at org.glassfish.hk2.utilities.cache.internal.WeakCARCacheImpl.compute(WeakCARCacheImpl.java:128)
	at org.jvnet.hk2.internal.ServiceLocatorImpl.internalGetAllServiceHandles(ServiceLocatorImpl.java:1452)
	at org.jvnet.hk2.internal.ServiceLocatorImpl.getAllServiceHandles(ServiceLocatorImpl.java:1377)
	at org.jvnet.hk2.internal.ServiceLocatorImpl.getAllServiceHandles(ServiceLocatorImpl.java:1366)
	at org.glassfish.jersey.inject.hk2.AbstractHk2InjectionManager.getAllServiceHolders(AbstractHk2InjectionManager.java:158)
	at org.glassfish.jersey.inject.hk2.ImmediateHk2InjectionManager.getAllServiceHolders(ImmediateHk2InjectionManager.java:54)
	at org.glassfish.jersey.internal.inject.Providers.getServiceHolders(Providers.java:337)
	at org.glassfish.jersey.internal.inject.Providers.getCustomProviders(Providers.java:175)
	at org.glassfish.jersey.message.internal.MessageBodyFactory.initialize(MessageBodyFactory.java:264)
	at org.glassfish.jersey.message.internal.MessageBodyFactory$MessageBodyWorkersConfigurator.postInit(MessageBodyFactory.java:136)
	at org.glassfish.jersey.server.ApplicationHandler.lambda$initialize$2(ApplicationHandler.java:372)
	at java.base/java.util.Arrays$ArrayList.forEach(Arrays.java:4389)
	at org.glassfish.jersey.server.ApplicationHandler.initialize(ApplicationHandler.java:372)
	at org.glassfish.jersey.server.ApplicationHandler.lambda$initialize$1(ApplicationHandler.java:316)
	at org.glassfish.jersey.internal.Errors.process(Errors.java:316)
	at org.glassfish.jersey.internal.Errors.process(Errors.java:298)
	at org.glassfish.jersey.internal.Errors.processWithException(Errors.java:256)
	at org.glassfish.jersey.server.ApplicationHandler.initialize(ApplicationHandler.java:315)
	at org.glassfish.jersey.server.ApplicationHandler.<init>(ApplicationHandler.java:282)
	at org.glassfish.jersey.servlet.WebComponent.<init>(WebComponent.java:335)
	at org.glassfish.jersey.servlet.ServletContainer.init(ServletContainer.java:178)
	at org.glassfish.jersey.servlet.ServletContainer.init(ServletContainer.java:370)
	at javax.servlet.GenericServlet.init(GenericServlet.java:158)
	at org.apache.catalina.core.StandardWrapper.initServlet(StandardWrapper.java:1144)
	at org.apache.catalina.core.StandardWrapper.allocate(StandardWrapper.java:789)
	at org.apache.catalina.core.StandardWrapperValve.invoke(StandardWrapperValve.java:133)
	at org.apache.catalina.core.StandardContextValve.invoke(StandardContextValve.java:96)
	at org.apache.catalina.authenticator.AuthenticatorBase.invoke(AuthenticatorBase.java:493)
	at org.apache.catalina.core.StandardHostValve.invoke(StandardHostValve.java:140)
	at org.apache.catalina.valves.ErrorReportValve.invoke(ErrorReportValve.java:81)
	at org.apache.catalina.core.StandardEngineValve.invoke(StandardEngineValve.java:87)
	at org.apache.catalina.connector.CoyoteAdapter.service(CoyoteAdapter.java:342)
	at org.apache.coyote.http11.Http11Processor.service(Http11Processor.java:800)
	at org.apache.coyote.AbstractProcessorLight.process(AbstractProcessorLight.java:66)
	at org.apache.coyote.AbstractProtocol$ConnectionHandler.process(AbstractProtocol.java:800)
	at org.apache.tomcat.util.net.NioEndpoint$SocketProcessor.doRun(NioEndpoint.java:1471)
	at org.apache.tomcat.util.net.SocketProcessorBase.run(SocketProcessorBase.java:49)
	at java.base/java.util.concurrent.ThreadPoolExecutor.runWorker(ThreadPoolExecutor.java:1135)
	at java.base/java.util.concurrent.ThreadPoolExecutor$Worker.run(ThreadPoolExecutor.java:635)
	at org.apache.tomcat.util.threads.TaskThread$WrappingRunnable.run(TaskThread.java:61)
	at java.base/java.lang.Thread.run(Thread.java:844)
Caused by: java.lang.ClassNotFoundException: javax.activation.DataSource
	at java.base/java.net.URLClassLoader.findClass(URLClassLoader.java:466)
	at java.base/java.lang.ClassLoader.loadClass(ClassLoader.java:566)
	at org.springframework.boot.loader.LaunchedURLClassLoader.loadClass(LaunchedURLClassLoader.java:93)
	at java.base/java.lang.ClassLoader.loadClass(ClassLoader.java:499)
	... 61 more
MultiException stack 2 of 2
java.lang.IllegalArgumentException: Errors were discovered while reifying SystemDescriptor(
	implementation=org.glassfish.jersey.message.internal.DataSourceProvider
	contracts={javax.ws.rs.ext.MessageBodyReader,javax.ws.rs.ext.MessageBodyWriter}
	scope=javax.inject.Singleton
	qualifiers={}
	descriptorType=CLASS
	descriptorVisibility=NORMAL
	metadata=
	rank=0
	loader=null
	proxiable=null
	proxyForSameScope=null
	analysisName=null
	id=107
	locatorId=0
	identityHashCode=89026129
	reified=false)
	at org.jvnet.hk2.internal.SystemDescriptor.reify(SystemDescriptor.java:705)
	at org.jvnet.hk2.internal.ServiceLocatorImpl.reifyDescriptor(ServiceLocatorImpl.java:464)
	at org.jvnet.hk2.internal.ServiceLocatorImpl.narrow(ServiceLocatorImpl.java:2310)
	at org.jvnet.hk2.internal.ServiceLocatorImpl.access$1200(ServiceLocatorImpl.java:128)
	at org.jvnet.hk2.internal.ServiceLocatorImpl$9.compute(ServiceLocatorImpl.java:1395)
	at org.jvnet.hk2.internal.ServiceLocatorImpl$9.compute(ServiceLocatorImpl.java:1390)
	at org.glassfish.hk2.utilities.cache.internal.WeakCARCacheImpl.compute(WeakCARCacheImpl.java:128)
	at org.jvnet.hk2.internal.ServiceLocatorImpl.internalGetAllServiceHandles(ServiceLocatorImpl.java:1452)
	at org.jvnet.hk2.internal.ServiceLocatorImpl.getAllServiceHandles(ServiceLocatorImpl.java:1377)
	at org.jvnet.hk2.internal.ServiceLocatorImpl.getAllServiceHandles(ServiceLocatorImpl.java:1366)
	at org.glassfish.jersey.inject.hk2.AbstractHk2InjectionManager.getAllServiceHolders(AbstractHk2InjectionManager.java:158)
	at org.glassfish.jersey.inject.hk2.ImmediateHk2InjectionManager.getAllServiceHolders(ImmediateHk2InjectionManager.java:54)
	at org.glassfish.jersey.internal.inject.Providers.getServiceHolders(Providers.java:337)
	at org.glassfish.jersey.internal.inject.Providers.getCustomProviders(Providers.java:175)
	at org.glassfish.jersey.message.internal.MessageBodyFactory.initialize(MessageBodyFactory.java:264)
	at org.glassfish.jersey.message.internal.MessageBodyFactory$MessageBodyWorkersConfigurator.postInit(MessageBodyFactory.java:136)
	at org.glassfish.jersey.server.ApplicationHandler.lambda$initialize$2(ApplicationHandler.java:372)
	at java.base/java.util.Arrays$ArrayList.forEach(Arrays.java:4389)
	at org.glassfish.jersey.server.ApplicationHandler.initialize(ApplicationHandler.java:372)
	at org.glassfish.jersey.server.ApplicationHandler.lambda$initialize$1(ApplicationHandler.java:316)
	at org.glassfish.jersey.internal.Errors.process(Errors.java:316)
	at org.glassfish.jersey.internal.Errors.process(Errors.java:298)
	at org.glassfish.jersey.internal.Errors.processWithException(Errors.java:256)
	at org.glassfish.jersey.server.ApplicationHandler.initialize(ApplicationHandler.java:315)
	at org.glassfish.jersey.server.ApplicationHandler.<init>(ApplicationHandler.java:282)
	at org.glassfish.jersey.servlet.WebComponent.<init>(WebComponent.java:335)
	at org.glassfish.jersey.servlet.ServletContainer.init(ServletContainer.java:178)
	at org.glassfish.jersey.servlet.ServletContainer.init(ServletContainer.java:370)
	at javax.servlet.GenericServlet.init(GenericServlet.java:158)
	at org.apache.catalina.core.StandardWrapper.initServlet(StandardWrapper.java:1144)
	at org.apache.catalina.core.StandardWrapper.allocate(StandardWrapper.java:789)
	at org.apache.catalina.core.StandardWrapperValve.invoke(StandardWrapperValve.java:133)
	at org.apache.catalina.core.StandardContextValve.invoke(StandardContextValve.java:96)
	at org.apache.catalina.authenticator.AuthenticatorBase.invoke(AuthenticatorBase.java:493)
	at org.apache.catalina.core.StandardHostValve.invoke(StandardHostValve.java:140)
	at org.apache.catalina.valves.ErrorReportValve.invoke(ErrorReportValve.java:81)
	at org.apache.catalina.core.StandardEngineValve.invoke(StandardEngineValve.java:87)
	at org.apache.catalina.connector.CoyoteAdapter.service(CoyoteAdapter.java:342)
	at org.apache.coyote.http11.Http11Processor.service(Http11Processor.java:800)
	at org.apache.coyote.AbstractProcessorLight.process(AbstractProcessorLight.java:66)
	at org.apache.coyote.AbstractProtocol$ConnectionHandler.process(AbstractProtocol.java:800)
	at org.apache.tomcat.util.net.NioEndpoint$SocketProcessor.doRun(NioEndpoint.java:1471)
	at org.apache.tomcat.util.net.SocketProcessorBase.run(SocketProcessorBase.java:49)
	at java.base/java.util.concurrent.ThreadPoolExecutor.runWorker(ThreadPoolExecutor.java:1135)
	at java.base/java.util.concurrent.ThreadPoolExecutor$Worker.run(ThreadPoolExecutor.java:635)
	at org.apache.tomcat.util.threads.TaskThread$WrappingRunnable.run(TaskThread.java:61)
	at java.base/java.lang.Thread.run(Thread.java:844)

WARNING: HK2 service reification failed for [org.glassfish.jersey.message.internal.DataSourceProvider] with an exception:
MultiException stack 1 of 2
java.lang.NoClassDefFoundError: javax/activation/DataSource
	at java.base/java.lang.Class.getDeclaredConstructors0(Native Method)
	at java.base/java.lang.Class.privateGetDeclaredConstructors(Class.java:3090)
	at java.base/java.lang.Class.getDeclaredConstructors(Class.java:2316)
	at org.jvnet.hk2.internal.Utilities$3.run(Utilities.java:1378)
	at org.jvnet.hk2.internal.Utilities$3.run(Utilities.java:1374)
	at java.base/java.security.AccessController.doPrivileged(Native Method)
	at org.jvnet.hk2.internal.Utilities.getAllConstructors(Utilities.java:1374)
	at org.jvnet.hk2.internal.Utilities.findProducerConstructor(Utilities.java:1317)
	at org.jvnet.hk2.internal.DefaultClassAnalyzer.getConstructor(DefaultClassAnalyzer.java:83)
	at org.glassfish.jersey.inject.hk2.JerseyClassAnalyzer.getConstructor(JerseyClassAnalyzer.java:148)
	at org.jvnet.hk2.internal.Utilities.getConstructor(Utilities.java:180)
	at org.jvnet.hk2.internal.ClazzCreator.initialize(ClazzCreator.java:129)
	at org.jvnet.hk2.internal.ClazzCreator.initialize(ClazzCreator.java:180)
	at org.jvnet.hk2.internal.SystemDescriptor.internalReify(SystemDescriptor.java:740)
	at org.jvnet.hk2.internal.SystemDescriptor.reify(SystemDescriptor.java:694)
	at org.jvnet.hk2.internal.ServiceLocatorImpl.reifyDescriptor(ServiceLocatorImpl.java:464)
	at org.jvnet.hk2.internal.ServiceLocatorImpl.narrow(ServiceLocatorImpl.java:2310)
	at org.jvnet.hk2.internal.ServiceLocatorImpl.access$1200(ServiceLocatorImpl.java:128)
	at org.jvnet.hk2.internal.ServiceLocatorImpl$9.compute(ServiceLocatorImpl.java:1395)
	at org.jvnet.hk2.internal.ServiceLocatorImpl$9.compute(ServiceLocatorImpl.java:1390)
	at org.glassfish.hk2.utilities.cache.internal.WeakCARCacheImpl.compute(WeakCARCacheImpl.java:128)
	at org.jvnet.hk2.internal.ServiceLocatorImpl.internalGetAllServiceHandles(ServiceLocatorImpl.java:1452)
	at org.jvnet.hk2.internal.ServiceLocatorImpl.getAllServiceHandles(ServiceLocatorImpl.java:1377)
	at org.jvnet.hk2.internal.ServiceLocatorImpl.getAllServiceHandles(ServiceLocatorImpl.java:1366)
	at org.glassfish.jersey.inject.hk2.AbstractHk2InjectionManager.getAllServiceHolders(AbstractHk2InjectionManager.java:158)
	at org.glassfish.jersey.inject.hk2.ImmediateHk2InjectionManager.getAllServiceHolders(ImmediateHk2InjectionManager.java:54)
	at org.glassfish.jersey.internal.inject.Providers.getServiceHolders(Providers.java:337)
	at org.glassfish.jersey.internal.inject.Providers.getCustomProviders(Providers.java:175)
	at org.glassfish.jersey.message.internal.MessageBodyFactory.initialize(MessageBodyFactory.java:264)
	at org.glassfish.jersey.message.internal.MessageBodyFactory$MessageBodyWorkersConfigurator.postInit(MessageBodyFactory.java:136)
	at org.glassfish.jersey.server.ApplicationHandler.lambda$initialize$2(ApplicationHandler.java:372)
	at java.base/java.util.Arrays$ArrayList.forEach(Arrays.java:4389)
	at org.glassfish.jersey.server.ApplicationHandler.initialize(ApplicationHandler.java:372)
	at org.glassfish.jersey.server.ApplicationHandler.lambda$initialize$1(ApplicationHandler.java:316)
	at org.glassfish.jersey.internal.Errors.process(Errors.java:316)
	at org.glassfish.jersey.internal.Errors.process(Errors.java:298)
	at org.glassfish.jersey.internal.Errors.processWithException(Errors.java:256)
	at org.glassfish.jersey.server.ApplicationHandler.initialize(ApplicationHandler.java:315)
	at org.glassfish.jersey.server.ApplicationHandler.<init>(ApplicationHandler.java:282)
	at org.glassfish.jersey.servlet.WebComponent.<init>(WebComponent.java:335)
	at org.glassfish.jersey.servlet.ServletContainer.init(ServletContainer.java:178)
	at org.glassfish.jersey.servlet.ServletContainer.init(ServletContainer.java:370)
	at javax.servlet.GenericServlet.init(GenericServlet.java:158)
	at org.apache.catalina.core.StandardWrapper.initServlet(StandardWrapper.java:1144)
	at org.apache.catalina.core.StandardWrapper.allocate(StandardWrapper.java:789)
	at org.apache.catalina.core.StandardWrapperValve.invoke(StandardWrapperValve.java:133)
	at org.apache.catalina.core.StandardContextValve.invoke(StandardContextValve.java:96)
	at org.apache.catalina.authenticator.AuthenticatorBase.invoke(AuthenticatorBase.java:493)
	at org.apache.catalina.core.StandardHostValve.invoke(StandardHostValve.java:140)
	at org.apache.catalina.valves.ErrorReportValve.invoke(ErrorReportValve.java:81)
	at org.apache.catalina.core.StandardEngineValve.invoke(StandardEngineValve.java:87)
	at org.apache.catalina.connector.CoyoteAdapter.service(CoyoteAdapter.java:342)
	at org.apache.coyote.http11.Http11Processor.service(Http11Processor.java:800)
	at org.apache.coyote.AbstractProcessorLight.process(AbstractProcessorLight.java:66)
	at org.apache.coyote.AbstractProtocol$ConnectionHandler.process(AbstractProtocol.java:800)
	at org.apache.tomcat.util.net.NioEndpoint$SocketProcessor.doRun(NioEndpoint.java:1471)
	at org.apache.tomcat.util.net.SocketProcessorBase.run(SocketProcessorBase.java:49)
	at java.base/java.util.concurrent.ThreadPoolExecutor.runWorker(ThreadPoolExecutor.java:1135)
	at java.base/java.util.concurrent.ThreadPoolExecutor$Worker.run(ThreadPoolExecutor.java:635)
	at org.apache.tomcat.util.threads.TaskThread$WrappingRunnable.run(TaskThread.java:61)
	at java.base/java.lang.Thread.run(Thread.java:844)
Caused by: java.lang.ClassNotFoundException: javax.activation.DataSource
	at java.base/java.net.URLClassLoader.findClass(URLClassLoader.java:466)
	at java.base/java.lang.ClassLoader.loadClass(ClassLoader.java:566)
	at org.springframework.boot.loader.LaunchedURLClassLoader.loadClass(LaunchedURLClassLoader.java:93)
	at java.base/java.lang.ClassLoader.loadClass(ClassLoader.java:499)
	... 61 more
MultiException stack 2 of 2
java.lang.IllegalArgumentException: Errors were discovered while reifying SystemDescriptor(
	implementation=org.glassfish.jersey.message.internal.DataSourceProvider
	contracts={javax.ws.rs.ext.MessageBodyReader,javax.ws.rs.ext.MessageBodyWriter}
	scope=javax.inject.Singleton
	qualifiers={}
	descriptorType=CLASS
	descriptorVisibility=NORMAL
	metadata=
	rank=0
	loader=null
	proxiable=null
	proxyForSameScope=null
	analysisName=null
	id=107
	locatorId=0
	identityHashCode=89026129
	reified=false)
	at org.jvnet.hk2.internal.SystemDescriptor.reify(SystemDescriptor.java:705)
	at org.jvnet.hk2.internal.ServiceLocatorImpl.reifyDescriptor(ServiceLocatorImpl.java:464)
	at org.jvnet.hk2.internal.ServiceLocatorImpl.narrow(ServiceLocatorImpl.java:2310)
	at org.jvnet.hk2.internal.ServiceLocatorImpl.access$1200(ServiceLocatorImpl.java:128)
	at org.jvnet.hk2.internal.ServiceLocatorImpl$9.compute(ServiceLocatorImpl.java:1395)
	at org.jvnet.hk2.internal.ServiceLocatorImpl$9.compute(ServiceLocatorImpl.java:1390)
	at org.glassfish.hk2.utilities.cache.internal.WeakCARCacheImpl.compute(WeakCARCacheImpl.java:128)
	at org.jvnet.hk2.internal.ServiceLocatorImpl.internalGetAllServiceHandles(ServiceLocatorImpl.java:1452)
	at org.jvnet.hk2.internal.ServiceLocatorImpl.getAllServiceHandles(ServiceLocatorImpl.java:1377)
	at org.jvnet.hk2.internal.ServiceLocatorImpl.getAllServiceHandles(ServiceLocatorImpl.java:1366)
	at org.glassfish.jersey.inject.hk2.AbstractHk2InjectionManager.getAllServiceHolders(AbstractHk2InjectionManager.java:158)
	at org.glassfish.jersey.inject.hk2.ImmediateHk2InjectionManager.getAllServiceHolders(ImmediateHk2InjectionManager.java:54)
	at org.glassfish.jersey.internal.inject.Providers.getServiceHolders(Providers.java:337)
	at org.glassfish.jersey.internal.inject.Providers.getCustomProviders(Providers.java:175)
	at org.glassfish.jersey.message.internal.MessageBodyFactory.initialize(MessageBodyFactory.java:264)
	at org.glassfish.jersey.message.internal.MessageBodyFactory$MessageBodyWorkersConfigurator.postInit(MessageBodyFactory.java:136)
	at org.glassfish.jersey.server.ApplicationHandler.lambda$initialize$2(ApplicationHandler.java:372)
	at java.base/java.util.Arrays$ArrayList.forEach(Arrays.java:4389)
	at org.glassfish.jersey.server.ApplicationHandler.initialize(ApplicationHandler.java:372)
	at org.glassfish.jersey.server.ApplicationHandler.lambda$initialize$1(ApplicationHandler.java:316)
	at org.glassfish.jersey.internal.Errors.process(Errors.java:316)
	at org.glassfish.jersey.internal.Errors.process(Errors.java:298)
	at org.glassfish.jersey.internal.Errors.processWithException(Errors.java:256)
	at org.glassfish.jersey.server.ApplicationHandler.initialize(ApplicationHandler.java:315)
	at org.glassfish.jersey.server.ApplicationHandler.<init>(ApplicationHandler.java:282)
	at org.glassfish.jersey.servlet.WebComponent.<init>(WebComponent.java:335)
	at org.glassfish.jersey.servlet.ServletContainer.init(ServletContainer.java:178)
	at org.glassfish.jersey.servlet.ServletContainer.init(ServletContainer.java:370)
	at javax.servlet.GenericServlet.init(GenericServlet.java:158)
	at org.apache.catalina.core.StandardWrapper.initServlet(StandardWrapper.java:1144)
	at org.apache.catalina.core.StandardWrapper.allocate(StandardWrapper.java:789)
	at org.apache.catalina.core.StandardWrapperValve.invoke(StandardWrapperValve.java:133)
	at org.apache.catalina.core.StandardContextValve.invoke(StandardContextValve.java:96)
	at org.apache.catalina.authenticator.AuthenticatorBase.invoke(AuthenticatorBase.java:493)
	at org.apache.catalina.core.StandardHostValve.invoke(StandardHostValve.java:140)
	at org.apache.catalina.valves.ErrorReportValve.invoke(ErrorReportValve.java:81)
	at org.apache.catalina.core.StandardEngineValve.invoke(StandardEngineValve.java:87)
	at org.apache.catalina.connector.CoyoteAdapter.service(CoyoteAdapter.java:342)
	at org.apache.coyote.http11.Http11Processor.service(Http11Processor.java:800)
	at org.apache.coyote.AbstractProcessorLight.process(AbstractProcessorLight.java:66)
	at org.apache.coyote.AbstractProtocol$ConnectionHandler.process(AbstractProtocol.java:800)
	at org.apache.tomcat.util.net.NioEndpoint$SocketProcessor.doRun(NioEndpoint.java:1471)
	at org.apache.tomcat.util.net.SocketProcessorBase.run(SocketProcessorBase.java:49)
	at java.base/java.util.concurrent.ThreadPoolExecutor.runWorker(ThreadPoolExecutor.java:1135)
	at java.base/java.util.concurrent.ThreadPoolExecutor$Worker.run(ThreadPoolExecutor.java:635)
	at org.apache.tomcat.util.threads.TaskThread$WrappingRunnable.run(TaskThread.java:61)
	at java.base/java.lang.Thread.run(Thread.java:844)

WARNING: HK2 service reification failed for [org.glassfish.jersey.message.internal.DataSourceProvider] with an exception:
MultiException stack 1 of 2
java.lang.NoClassDefFoundError: javax/activation/DataSource
	at java.base/java.lang.Class.getDeclaredConstructors0(Native Method)
	at java.base/java.lang.Class.privateGetDeclaredConstructors(Class.java:3090)
	at java.base/java.lang.Class.getDeclaredConstructors(Class.java:2316)
	at org.jvnet.hk2.internal.Utilities$3.run(Utilities.java:1378)
	at org.jvnet.hk2.internal.Utilities$3.run(Utilities.java:1374)
	at java.base/java.security.AccessController.doPrivileged(Native Method)
	at org.jvnet.hk2.internal.Utilities.getAllConstructors(Utilities.java:1374)
	at org.jvnet.hk2.internal.Utilities.findProducerConstructor(Utilities.java:1317)
	at org.jvnet.hk2.internal.DefaultClassAnalyzer.getConstructor(DefaultClassAnalyzer.java:83)
	at org.glassfish.jersey.inject.hk2.JerseyClassAnalyzer.getConstructor(JerseyClassAnalyzer.java:148)
	at org.jvnet.hk2.internal.Utilities.getConstructor(Utilities.java:180)
	at org.jvnet.hk2.internal.ClazzCreator.initialize(ClazzCreator.java:129)
	at org.jvnet.hk2.internal.ClazzCreator.initialize(ClazzCreator.java:180)
	at org.jvnet.hk2.internal.SystemDescriptor.internalReify(SystemDescriptor.java:740)
	at org.jvnet.hk2.internal.SystemDescriptor.reify(SystemDescriptor.java:694)
	at org.jvnet.hk2.internal.ServiceLocatorImpl.reifyDescriptor(ServiceLocatorImpl.java:464)
	at org.jvnet.hk2.internal.ServiceLocatorImpl.narrow(ServiceLocatorImpl.java:2310)
	at org.jvnet.hk2.internal.ServiceLocatorImpl.access$1200(ServiceLocatorImpl.java:128)
	at org.jvnet.hk2.internal.ServiceLocatorImpl$9.compute(ServiceLocatorImpl.java:1395)
	at org.jvnet.hk2.internal.ServiceLocatorImpl$9.compute(ServiceLocatorImpl.java:1390)
	at org.glassfish.hk2.utilities.cache.internal.WeakCARCacheImpl.compute(WeakCARCacheImpl.java:128)
	at org.jvnet.hk2.internal.ServiceLocatorImpl.internalGetAllServiceHandles(ServiceLocatorImpl.java:1452)
	at org.jvnet.hk2.internal.ServiceLocatorImpl.getAllServiceHandles(ServiceLocatorImpl.java:1377)
	at org.jvnet.hk2.internal.ServiceLocatorImpl.getAllServiceHandles(ServiceLocatorImpl.java:1366)
	at org.glassfish.jersey.inject.hk2.AbstractHk2InjectionManager.getAllServiceHolders(AbstractHk2InjectionManager.java:158)
	at org.glassfish.jersey.inject.hk2.ImmediateHk2InjectionManager.getAllServiceHolders(ImmediateHk2InjectionManager.java:54)
	at org.glassfish.jersey.internal.inject.Providers.getServiceHolders(Providers.java:329)
	at org.glassfish.jersey.internal.inject.Providers.getProviders(Providers.java:157)
	at org.glassfish.jersey.message.internal.MessageBodyFactory.initialize(MessageBodyFactory.java:265)
	at org.glassfish.jersey.message.internal.MessageBodyFactory$MessageBodyWorkersConfigurator.postInit(MessageBodyFactory.java:136)
	at org.glassfish.jersey.server.ApplicationHandler.lambda$initialize$2(ApplicationHandler.java:372)
	at java.base/java.util.Arrays$ArrayList.forEach(Arrays.java:4389)
	at org.glassfish.jersey.server.ApplicationHandler.initialize(ApplicationHandler.java:372)
	at org.glassfish.jersey.server.ApplicationHandler.lambda$initialize$1(ApplicationHandler.java:316)
	at org.glassfish.jersey.internal.Errors.process(Errors.java:316)
	at org.glassfish.jersey.internal.Errors.process(Errors.java:298)
	at org.glassfish.jersey.internal.Errors.processWithException(Errors.java:256)
	at org.glassfish.jersey.server.ApplicationHandler.initialize(ApplicationHandler.java:315)
	at org.glassfish.jersey.server.ApplicationHandler.<init>(ApplicationHandler.java:282)
	at org.glassfish.jersey.servlet.WebComponent.<init>(WebComponent.java:335)
	at org.glassfish.jersey.servlet.ServletContainer.init(ServletContainer.java:178)
	at org.glassfish.jersey.servlet.ServletContainer.init(ServletContainer.java:370)
	at javax.servlet.GenericServlet.init(GenericServlet.java:158)
	at org.apache.catalina.core.StandardWrapper.initServlet(StandardWrapper.java:1144)
	at org.apache.catalina.core.StandardWrapper.allocate(StandardWrapper.java:789)
	at org.apache.catalina.core.StandardWrapperValve.invoke(StandardWrapperValve.java:133)
	at org.apache.catalina.core.StandardContextValve.invoke(StandardContextValve.java:96)
	at org.apache.catalina.authenticator.AuthenticatorBase.invoke(AuthenticatorBase.java:493)
	at org.apache.catalina.core.StandardHostValve.invoke(StandardHostValve.java:140)
	at org.apache.catalina.valves.ErrorReportValve.invoke(ErrorReportValve.java:81)
	at org.apache.catalina.core.StandardEngineValve.invoke(StandardEngineValve.java:87)
	at org.apache.catalina.connector.CoyoteAdapter.service(CoyoteAdapter.java:342)
	at org.apache.coyote.http11.Http11Processor.service(Http11Processor.java:800)
	at org.apache.coyote.AbstractProcessorLight.process(AbstractProcessorLight.java:66)
	at org.apache.coyote.AbstractProtocol$ConnectionHandler.process(AbstractProtocol.java:800)
	at org.apache.tomcat.util.net.NioEndpoint$SocketProcessor.doRun(NioEndpoint.java:1471)
	at org.apache.tomcat.util.net.SocketProcessorBase.run(SocketProcessorBase.java:49)
	at java.base/java.util.concurrent.ThreadPoolExecutor.runWorker(ThreadPoolExecutor.java:1135)
	at java.base/java.util.concurrent.ThreadPoolExecutor$Worker.run(ThreadPoolExecutor.java:635)
	at org.apache.tomcat.util.threads.TaskThread$WrappingRunnable.run(TaskThread.java:61)
	at java.base/java.lang.Thread.run(Thread.java:844)
Caused by: java.lang.ClassNotFoundException: javax.activation.DataSource
	at java.base/java.net.URLClassLoader.findClass(URLClassLoader.java:466)
	at java.base/java.lang.ClassLoader.loadClass(ClassLoader.java:566)
	at org.springframework.boot.loader.LaunchedURLClassLoader.loadClass(LaunchedURLClassLoader.java:93)
	at java.base/java.lang.ClassLoader.loadClass(ClassLoader.java:499)
	... 61 more
MultiException stack 2 of 2
java.lang.IllegalArgumentException: Errors were discovered while reifying SystemDescriptor(
	implementation=org.glassfish.jersey.message.internal.DataSourceProvider
	contracts={javax.ws.rs.ext.MessageBodyReader,javax.ws.rs.ext.MessageBodyWriter}
	scope=javax.inject.Singleton
	qualifiers={}
	descriptorType=CLASS
	descriptorVisibility=NORMAL
	metadata=
	rank=0
	loader=null
	proxiable=null
	proxyForSameScope=null
	analysisName=null
	id=107
	locatorId=0
	identityHashCode=89026129
	reified=false)
	at org.jvnet.hk2.internal.SystemDescriptor.reify(SystemDescriptor.java:705)
	at org.jvnet.hk2.internal.ServiceLocatorImpl.reifyDescriptor(ServiceLocatorImpl.java:464)
	at org.jvnet.hk2.internal.ServiceLocatorImpl.narrow(ServiceLocatorImpl.java:2310)
	at org.jvnet.hk2.internal.ServiceLocatorImpl.access$1200(ServiceLocatorImpl.java:128)
	at org.jvnet.hk2.internal.ServiceLocatorImpl$9.compute(ServiceLocatorImpl.java:1395)
	at org.jvnet.hk2.internal.ServiceLocatorImpl$9.compute(ServiceLocatorImpl.java:1390)
	at org.glassfish.hk2.utilities.cache.internal.WeakCARCacheImpl.compute(WeakCARCacheImpl.java:128)
	at org.jvnet.hk2.internal.ServiceLocatorImpl.internalGetAllServiceHandles(ServiceLocatorImpl.java:1452)
	at org.jvnet.hk2.internal.ServiceLocatorImpl.getAllServiceHandles(ServiceLocatorImpl.java:1377)
	at org.jvnet.hk2.internal.ServiceLocatorImpl.getAllServiceHandles(ServiceLocatorImpl.java:1366)
	at org.glassfish.jersey.inject.hk2.AbstractHk2InjectionManager.getAllServiceHolders(AbstractHk2InjectionManager.java:158)
	at org.glassfish.jersey.inject.hk2.ImmediateHk2InjectionManager.getAllServiceHolders(ImmediateHk2InjectionManager.java:54)
	at org.glassfish.jersey.internal.inject.Providers.getServiceHolders(Providers.java:329)
	at org.glassfish.jersey.internal.inject.Providers.getProviders(Providers.java:157)
	at org.glassfish.jersey.message.internal.MessageBodyFactory.initialize(MessageBodyFactory.java:265)
	at org.glassfish.jersey.message.internal.MessageBodyFactory$MessageBodyWorkersConfigurator.postInit(MessageBodyFactory.java:136)
	at org.glassfish.jersey.server.ApplicationHandler.lambda$initialize$2(ApplicationHandler.java:372)
	at java.base/java.util.Arrays$ArrayList.forEach(Arrays.java:4389)
	at org.glassfish.jersey.server.ApplicationHandler.initialize(ApplicationHandler.java:372)
	at org.glassfish.jersey.server.ApplicationHandler.lambda$initialize$1(ApplicationHandler.java:316)
	at org.glassfish.jersey.internal.Errors.process(Errors.java:316)
	at org.glassfish.jersey.internal.Errors.process(Errors.java:298)
	at org.glassfish.jersey.internal.Errors.processWithException(Errors.java:256)
	at org.glassfish.jersey.server.ApplicationHandler.initialize(ApplicationHandler.java:315)
	at org.glassfish.jersey.server.ApplicationHandler.<init>(ApplicationHandler.java:282)
	at org.glassfish.jersey.servlet.WebComponent.<init>(WebComponent.java:335)
	at org.glassfish.jersey.servlet.ServletContainer.init(ServletContainer.java:178)
	at org.glassfish.jersey.servlet.ServletContainer.init(ServletContainer.java:370)
	at javax.servlet.GenericServlet.init(GenericServlet.java:158)
	at org.apache.catalina.core.StandardWrapper.initServlet(StandardWrapper.java:1144)
	at org.apache.catalina.core.StandardWrapper.allocate(StandardWrapper.java:789)
	at org.apache.catalina.core.StandardWrapperValve.invoke(StandardWrapperValve.java:133)
	at org.apache.catalina.core.StandardContextValve.invoke(StandardContextValve.java:96)
	at org.apache.catalina.authenticator.AuthenticatorBase.invoke(AuthenticatorBase.java:493)
	at org.apache.catalina.core.StandardHostValve.invoke(StandardHostValve.java:140)
	at org.apache.catalina.valves.ErrorReportValve.invoke(ErrorReportValve.java:81)
	at org.apache.catalina.core.StandardEngineValve.invoke(StandardEngineValve.java:87)
	at org.apache.catalina.connector.CoyoteAdapter.service(CoyoteAdapter.java:342)
	at org.apache.coyote.http11.Http11Processor.service(Http11Processor.java:800)
	at org.apache.coyote.AbstractProcessorLight.process(AbstractProcessorLight.java:66)
	at org.apache.coyote.AbstractProtocol$ConnectionHandler.process(AbstractProtocol.java:800)
	at org.apache.tomcat.util.net.NioEndpoint$SocketProcessor.doRun(NioEndpoint.java:1471)
	at org.apache.tomcat.util.net.SocketProcessorBase.run(SocketProcessorBase.java:49)
	at java.base/java.util.concurrent.ThreadPoolExecutor.runWorker(ThreadPoolExecutor.java:1135)
	at java.base/java.util.concurrent.ThreadPoolExecutor$Worker.run(ThreadPoolExecutor.java:635)
	at org.apache.tomcat.util.threads.TaskThread$WrappingRunnable.run(TaskThread.java:61)
	at java.base/java.lang.Thread.run(Thread.java:844)

WARNING: HK2 service reification failed for [org.glassfish.jersey.message.internal.DataSourceProvider] with an exception:
MultiException stack 1 of 2
java.lang.NoClassDefFoundError: javax/activation/DataSource
	at java.base/java.lang.Class.getDeclaredConstructors0(Native Method)
	at java.base/java.lang.Class.privateGetDeclaredConstructors(Class.java:3090)
	at java.base/java.lang.Class.getDeclaredConstructors(Class.java:2316)
	at org.jvnet.hk2.internal.Utilities$3.run(Utilities.java:1378)
	at org.jvnet.hk2.internal.Utilities$3.run(Utilities.java:1374)
	at java.base/java.security.AccessController.doPrivileged(Native Method)
	at org.jvnet.hk2.internal.Utilities.getAllConstructors(Utilities.java:1374)
	at org.jvnet.hk2.internal.Utilities.findProducerConstructor(Utilities.java:1317)
	at org.jvnet.hk2.internal.DefaultClassAnalyzer.getConstructor(DefaultClassAnalyzer.java:83)
	at org.glassfish.jersey.inject.hk2.JerseyClassAnalyzer.getConstructor(JerseyClassAnalyzer.java:148)
	at org.jvnet.hk2.internal.Utilities.getConstructor(Utilities.java:180)
	at org.jvnet.hk2.internal.ClazzCreator.initialize(ClazzCreator.java:129)
	at org.jvnet.hk2.internal.ClazzCreator.initialize(ClazzCreator.java:180)
	at org.jvnet.hk2.internal.SystemDescriptor.internalReify(SystemDescriptor.java:740)
	at org.jvnet.hk2.internal.SystemDescriptor.reify(SystemDescriptor.java:694)
	at org.jvnet.hk2.internal.ServiceLocatorImpl.reifyDescriptor(ServiceLocatorImpl.java:464)
	at org.jvnet.hk2.internal.ServiceLocatorImpl.narrow(ServiceLocatorImpl.java:2310)
	at org.jvnet.hk2.internal.ServiceLocatorImpl.access$1200(ServiceLocatorImpl.java:128)
	at org.jvnet.hk2.internal.ServiceLocatorImpl$9.compute(ServiceLocatorImpl.java:1395)
	at org.jvnet.hk2.internal.ServiceLocatorImpl$9.compute(ServiceLocatorImpl.java:1390)
	at org.glassfish.hk2.utilities.cache.internal.WeakCARCacheImpl.compute(WeakCARCacheImpl.java:128)
	at org.jvnet.hk2.internal.ServiceLocatorImpl.internalGetAllServiceHandles(ServiceLocatorImpl.java:1452)
	at org.jvnet.hk2.internal.ServiceLocatorImpl.getAllServiceHandles(ServiceLocatorImpl.java:1377)
	at org.jvnet.hk2.internal.ServiceLocatorImpl.getAllServiceHandles(ServiceLocatorImpl.java:1366)
	at org.glassfish.jersey.inject.hk2.AbstractHk2InjectionManager.getAllServiceHolders(AbstractHk2InjectionManager.java:158)
	at org.glassfish.jersey.inject.hk2.ImmediateHk2InjectionManager.getAllServiceHolders(ImmediateHk2InjectionManager.java:54)
	at org.glassfish.jersey.internal.inject.Providers.getServiceHolders(Providers.java:329)
	at org.glassfish.jersey.internal.inject.Providers.getProviders(Providers.java:157)
	at org.glassfish.jersey.message.internal.MessageBodyFactory.initialize(MessageBodyFactory.java:265)
	at org.glassfish.jersey.message.internal.MessageBodyFactory$MessageBodyWorkersConfigurator.postInit(MessageBodyFactory.java:136)
	at org.glassfish.jersey.server.ApplicationHandler.lambda$initialize$2(ApplicationHandler.java:372)
	at java.base/java.util.Arrays$ArrayList.forEach(Arrays.java:4389)
	at org.glassfish.jersey.server.ApplicationHandler.initialize(ApplicationHandler.java:372)
	at org.glassfish.jersey.server.ApplicationHandler.lambda$initialize$1(ApplicationHandler.java:316)
	at org.glassfish.jersey.internal.Errors.process(Errors.java:316)
	at org.glassfish.jersey.internal.Errors.process(Errors.java:298)
	at org.glassfish.jersey.internal.Errors.processWithException(Errors.java:256)
	at org.glassfish.jersey.server.ApplicationHandler.initialize(ApplicationHandler.java:315)
	at org.glassfish.jersey.server.ApplicationHandler.<init>(ApplicationHandler.java:282)
	at org.glassfish.jersey.servlet.WebComponent.<init>(WebComponent.java:335)
	at org.glassfish.jersey.servlet.ServletContainer.init(ServletContainer.java:178)
	at org.glassfish.jersey.servlet.ServletContainer.init(ServletContainer.java:370)
	at javax.servlet.GenericServlet.init(GenericServlet.java:158)
	at org.apache.catalina.core.StandardWrapper.initServlet(StandardWrapper.java:1144)
	at org.apache.catalina.core.StandardWrapper.allocate(StandardWrapper.java:789)
	at org.apache.catalina.core.StandardWrapperValve.invoke(StandardWrapperValve.java:133)
	at org.apache.catalina.core.StandardContextValve.invoke(StandardContextValve.java:96)
	at org.apache.catalina.authenticator.AuthenticatorBase.invoke(AuthenticatorBase.java:493)
	at org.apache.catalina.core.StandardHostValve.invoke(StandardHostValve.java:140)
	at org.apache.catalina.valves.ErrorReportValve.invoke(ErrorReportValve.java:81)
	at org.apache.catalina.core.StandardEngineValve.invoke(StandardEngineValve.java:87)
	at org.apache.catalina.connector.CoyoteAdapter.service(CoyoteAdapter.java:342)
	at org.apache.coyote.http11.Http11Processor.service(Http11Processor.java:800)
	at org.apache.coyote.AbstractProcessorLight.process(AbstractProcessorLight.java:66)
	at org.apache.coyote.AbstractProtocol$ConnectionHandler.process(AbstractProtocol.java:800)
	at org.apache.tomcat.util.net.NioEndpoint$SocketProcessor.doRun(NioEndpoint.java:1471)
	at org.apache.tomcat.util.net.SocketProcessorBase.run(SocketProcessorBase.java:49)
	at java.base/java.util.concurrent.ThreadPoolExecutor.runWorker(ThreadPoolExecutor.java:1135)
	at java.base/java.util.concurrent.ThreadPoolExecutor$Worker.run(ThreadPoolExecutor.java:635)
	at org.apache.tomcat.util.threads.TaskThread$WrappingRunnable.run(TaskThread.java:61)
	at java.base/java.lang.Thread.run(Thread.java:844)
Caused by: java.lang.ClassNotFoundException: javax.activation.DataSource
	at java.base/java.net.URLClassLoader.findClass(URLClassLoader.java:466)
	at java.base/java.lang.ClassLoader.loadClass(ClassLoader.java:566)
	at org.springframework.boot.loader.LaunchedURLClassLoader.loadClass(LaunchedURLClassLoader.java:93)
	at java.base/java.lang.ClassLoader.loadClass(ClassLoader.java:499)
	... 61 more
MultiException stack 2 of 2
java.lang.IllegalArgumentException: Errors were discovered while reifying SystemDescriptor(
	implementation=org.glassfish.jersey.message.internal.DataSourceProvider
	contracts={javax.ws.rs.ext.MessageBodyReader,javax.ws.rs.ext.MessageBodyWriter}
	scope=javax.inject.Singleton
	qualifiers={}
	descriptorType=CLASS
	descriptorVisibility=NORMAL
	metadata=
	rank=0
	loader=null
	proxiable=null
	proxyForSameScope=null
	analysisName=null
	id=107
	locatorId=0
	identityHashCode=89026129
	reified=false)
	at org.jvnet.hk2.internal.SystemDescriptor.reify(SystemDescriptor.java:705)
	at org.jvnet.hk2.internal.ServiceLocatorImpl.reifyDescriptor(ServiceLocatorImpl.java:464)
	at org.jvnet.hk2.internal.ServiceLocatorImpl.narrow(ServiceLocatorImpl.java:2310)
	at org.jvnet.hk2.internal.ServiceLocatorImpl.access$1200(ServiceLocatorImpl.java:128)
	at org.jvnet.hk2.internal.ServiceLocatorImpl$9.compute(ServiceLocatorImpl.java:1395)
	at org.jvnet.hk2.internal.ServiceLocatorImpl$9.compute(ServiceLocatorImpl.java:1390)
	at org.glassfish.hk2.utilities.cache.internal.WeakCARCacheImpl.compute(WeakCARCacheImpl.java:128)
	at org.jvnet.hk2.internal.ServiceLocatorImpl.internalGetAllServiceHandles(ServiceLocatorImpl.java:1452)
	at org.jvnet.hk2.internal.ServiceLocatorImpl.getAllServiceHandles(ServiceLocatorImpl.java:1377)
	at org.jvnet.hk2.internal.ServiceLocatorImpl.getAllServiceHandles(ServiceLocatorImpl.java:1366)
	at org.glassfish.jersey.inject.hk2.AbstractHk2InjectionManager.getAllServiceHolders(AbstractHk2InjectionManager.java:158)
	at org.glassfish.jersey.inject.hk2.ImmediateHk2InjectionManager.getAllServiceHolders(ImmediateHk2InjectionManager.java:54)
	at org.glassfish.jersey.internal.inject.Providers.getServiceHolders(Providers.java:329)
	at org.glassfish.jersey.internal.inject.Providers.getProviders(Providers.java:157)
	at org.glassfish.jersey.message.internal.MessageBodyFactory.initialize(MessageBodyFactory.java:265)
	at org.glassfish.jersey.message.internal.MessageBodyFactory$MessageBodyWorkersConfigurator.postInit(MessageBodyFactory.java:136)
	at org.glassfish.jersey.server.ApplicationHandler.lambda$initialize$2(ApplicationHandler.java:372)
	at java.base/java.util.Arrays$ArrayList.forEach(Arrays.java:4389)
	at org.glassfish.jersey.server.ApplicationHandler.initialize(ApplicationHandler.java:372)
	at org.glassfish.jersey.server.ApplicationHandler.lambda$initialize$1(ApplicationHandler.java:316)
	at org.glassfish.jersey.internal.Errors.process(Errors.java:316)
	at org.glassfish.jersey.internal.Errors.process(Errors.java:298)
	at org.glassfish.jersey.internal.Errors.processWithException(Errors.java:256)
	at org.glassfish.jersey.server.ApplicationHandler.initialize(ApplicationHandler.java:315)
	at org.glassfish.jersey.server.ApplicationHandler.<init>(ApplicationHandler.java:282)
	at org.glassfish.jersey.servlet.WebComponent.<init>(WebComponent.java:335)
	at org.glassfish.jersey.servlet.ServletContainer.init(ServletContainer.java:178)
	at org.glassfish.jersey.servlet.ServletContainer.init(ServletContainer.java:370)
	at javax.servlet.GenericServlet.init(GenericServlet.java:158)
	at org.apache.catalina.core.StandardWrapper.initServlet(StandardWrapper.java:1144)
	at org.apache.catalina.core.StandardWrapper.allocate(StandardWrapper.java:789)
	at org.apache.catalina.core.StandardWrapperValve.invoke(StandardWrapperValve.java:133)
	at org.apache.catalina.core.StandardContextValve.invoke(StandardContextValve.java:96)
	at org.apache.catalina.authenticator.AuthenticatorBase.invoke(AuthenticatorBase.java:493)
	at org.apache.catalina.core.StandardHostValve.invoke(StandardHostValve.java:140)
	at org.apache.catalina.valves.ErrorReportValve.invoke(ErrorReportValve.java:81)
	at org.apache.catalina.core.StandardEngineValve.invoke(StandardEngineValve.java:87)
	at org.apache.catalina.connector.CoyoteAdapter.service(CoyoteAdapter.java:342)
	at org.apache.coyote.http11.Http11Processor.service(Http11Processor.java:800)
	at org.apache.coyote.AbstractProcessorLight.process(AbstractProcessorLight.java:66)
	at org.apache.coyote.AbstractProtocol$ConnectionHandler.process(AbstractProtocol.java:800)
	at org.apache.tomcat.util.net.NioEndpoint$SocketProcessor.doRun(NioEndpoint.java:1471)
	at org.apache.tomcat.util.net.SocketProcessorBase.run(SocketProcessorBase.java:49)
	at java.base/java.util.concurrent.ThreadPoolExecutor.runWorker(ThreadPoolExecutor.java:1135)
	at java.base/java.util.concurrent.ThreadPoolExecutor$Worker.run(ThreadPoolExecutor.java:635)
	at org.apache.tomcat.util.threads.TaskThread$WrappingRunnable.run(TaskThread.java:61)
	at java.base/java.lang.Thread.run(Thread.java:844)


2018-08-26 18:42:32.866  INFO 1435 --- [http-nio-8090-exec-1] com.example.resources.Endpoint           : In the method GET
2018-08-26 18:42:35.138  INFO 1435 --- [http-nio-8090-exec-2] com.example.resources.Endpoint           : In the method GET
2018-08-26 18:42:37.857  INFO 1435 --- [http-nio-8090-exec-3] com.example.resources.Endpoint           : In the method GET
2018-08-26 18:46:28.510  INFO 1435 --- [Thread-2] ConfigServletWebServerApplicationContext : Closing org.springframework.boot.web.servlet.context.AnnotationConfigServletWebServerApplicationContext@128d2484: startup date [Sun Aug 26 18:42:22 EDT 2018]; root of context hierarchy
2018-08-26 18:46:28.512  INFO 1435 --- [Thread-2] o.s.j.e.a.AnnotationMBeanExporter        : Unregistering JMX-exposed beans on shutdown
